
          /\      |‾‾| /‾‾/   /‾‾/   
     /\  /  \     |  |/  /   /  /    
    /  \/    \    |     (   /   ‾‾\  
   /          \   |  |\  \ |  (‾)  | 
  / __________ \  |__| \__\ \_____/ .io

     execution: local
        script: k6-user-journey-test.js
        output: json (./jwt-compression-results-20251206_221314/k6-results.json)

     scenarios: (100.00%) 2 scenarios, 150 max VUs, 5m50s max duration (incl. graceful stop):
              * warmup: 20 looping VUs for 20s (exec: warmupTest, gracefulStop: 30s)
              * main_test: Up to 150 looping VUs for 5m0s over 2 stages (gracefulRampDown: 30s, exec: mainTest, startTime: 20s, gracefulStop: 30s)

time="2025-12-06T22:13:21Z" level=info msg="[WARMUP VU 20] Starting warmup iteration" source=console
time="2025-12-06T22:13:21Z" level=info msg="[WARMUP VU 3] Starting warmup iteration" source=console
time="2025-12-06T22:13:21Z" level=info msg="[WARMUP VU 14] Starting warmup iteration" source=console
time="2025-12-06T22:13:21Z" level=info msg="[WARMUP VU 4] Starting warmup iteration" source=console
time="2025-12-06T22:13:21Z" level=info msg="[WARMUP VU 5] Starting warmup iteration" source=console
time="2025-12-06T22:13:21Z" level=info msg="[WARMUP VU 9] Starting warmup iteration" source=console
time="2025-12-06T22:13:21Z" level=info msg="[WARMUP VU 13] Starting warmup iteration" source=console
time="2025-12-06T22:13:21Z" level=info msg="[WARMUP VU 7] Starting warmup iteration" source=console
time="2025-12-06T22:13:21Z" level=info msg="[WARMUP VU 19] Starting warmup iteration" source=console
time="2025-12-06T22:13:21Z" level=info msg="[WARMUP VU 6] Starting warmup iteration" source=console
time="2025-12-06T22:13:21Z" level=info msg="[WARMUP VU 8] Starting warmup iteration" source=console
time="2025-12-06T22:13:21Z" level=info msg="[WARMUP VU 17] Starting warmup iteration" source=console
time="2025-12-06T22:13:21Z" level=info msg="[WARMUP VU 1] Starting warmup iteration" source=console
time="2025-12-06T22:13:21Z" level=info msg="[WARMUP VU 16] Starting warmup iteration" source=console
time="2025-12-06T22:13:21Z" level=info msg="[WARMUP VU 2] Starting warmup iteration" source=console
time="2025-12-06T22:13:21Z" level=info msg="[WARMUP VU 12] Starting warmup iteration" source=console
time="2025-12-06T22:13:21Z" level=info msg="[WARMUP VU 15] Starting warmup iteration" source=console
time="2025-12-06T22:13:21Z" level=info msg="[WARMUP VU 11] Starting warmup iteration" source=console
time="2025-12-06T22:13:21Z" level=info msg="[WARMUP VU 18] Starting warmup iteration" source=console
time="2025-12-06T22:13:21Z" level=info msg="[WARMUP VU 10] Starting warmup iteration" source=console

running (0m01.0s), 020/150 VUs, 0 complete and 0 interrupted iterations
warmup      [   5% ] 20 VUs   01.0s/20s
main_test • [   0% ] waiting  19.0s
time="2025-12-06T22:13:23Z" level=info msg="[WARMUP VU 6] Got JWT: eyJhbGciOiJSUzI1NiIs..." source=console
time="2025-12-06T22:13:23Z" level=info msg="[WARMUP VU 2] Got JWT: eyJhbGciOiJSUzI1NiIs..." source=console
time="2025-12-06T22:13:23Z" level=info msg="[WARMUP VU 18] Got JWT: eyJhbGciOiJSUzI1NiIs..." source=console
time="2025-12-06T22:13:23Z" level=info msg="[WARMUP VU 8] Got JWT: eyJhbGciOiJSUzI1NiIs..." source=console
time="2025-12-06T22:13:23Z" level=info msg="[WARMUP VU 9] Got JWT: eyJhbGciOiJSUzI1NiIs..." source=console
time="2025-12-06T22:13:23Z" level=info msg="[WARMUP VU 10] Got JWT: eyJhbGciOiJSUzI1NiIs..." source=console
time="2025-12-06T22:13:23Z" level=info msg="[WARMUP VU 4] Got JWT: eyJhbGciOiJSUzI1NiIs..." source=console

running (0m02.0s), 020/150 VUs, 0 complete and 0 interrupted iterations
warmup      [  10% ] 20 VUs   02.0s/20s
main_test • [   0% ] waiting  18.0s
time="2025-12-06T22:13:24Z" level=info msg="[WARMUP VU 16] Got JWT: eyJhbGciOiJSUzI1NiIs..." source=console
time="2025-12-06T22:13:24Z" level=info msg="[WARMUP VU 13] Got JWT: eyJhbGciOiJSUzI1NiIs..." source=console
time="2025-12-06T22:13:24Z" level=info msg="[WARMUP VU 12] Got JWT: eyJhbGciOiJSUzI1NiIs..." source=console
time="2025-12-06T22:13:24Z" level=info msg="[WARMUP VU 17] Got JWT: eyJhbGciOiJSUzI1NiIs..." source=console
time="2025-12-06T22:13:24Z" level=info msg="[WARMUP VU 15] Got JWT: eyJhbGciOiJSUzI1NiIs..." source=console
time="2025-12-06T22:13:24Z" level=info msg="[WARMUP VU 5] Got JWT: eyJhbGciOiJSUzI1NiIs..." source=console
time="2025-12-06T22:13:24Z" level=info msg="[WARMUP VU 3] Got JWT: eyJhbGciOiJSUzI1NiIs..." source=console
time="2025-12-06T22:13:24Z" level=info msg="[WARMUP VU 1] Got JWT: eyJhbGciOiJSUzI1NiIs..." source=console
time="2025-12-06T22:13:24Z" level=info msg="[WARMUP VU 19] Got JWT: eyJhbGciOiJSUzI1NiIs..." source=console
time="2025-12-06T22:13:24Z" level=info msg="[WARMUP VU 7] Got JWT: eyJhbGciOiJSUzI1NiIs..." source=console
time="2025-12-06T22:13:24Z" level=info msg="[WARMUP VU 20] Got JWT: eyJhbGciOiJSUzI1NiIs..." source=console
time="2025-12-06T22:13:24Z" level=info msg="[WARMUP VU 14] Got JWT: eyJhbGciOiJSUzI1NiIs..." source=console
time="2025-12-06T22:13:24Z" level=info msg="[WARMUP VU 11] Got JWT: eyJhbGciOiJSUzI1NiIs..." source=console

running (0m03.0s), 020/150 VUs, 0 complete and 0 interrupted iterations
warmup      [  15% ] 20 VUs   03.0s/20s
main_test • [   0% ] waiting  17.0s
time="2025-12-06T22:13:24Z" level=info msg="[WARMUP VU 2] Cart add status: 200" source=console
time="2025-12-06T22:13:24Z" level=info msg="[WARMUP VU 6] Cart add status: 200" source=console
time="2025-12-06T22:13:24Z" level=info msg="[WARMUP VU 4] Cart add status: 200" source=console
time="2025-12-06T22:13:24Z" level=info msg="[WARMUP VU 18] Cart add status: 200" source=console
time="2025-12-06T22:13:24Z" level=info msg="[WARMUP VU 10] Cart add status: 200" source=console
time="2025-12-06T22:13:24Z" level=info msg="[WARMUP VU 9] Cart add status: 200" source=console
time="2025-12-06T22:13:24Z" level=info msg="[WARMUP VU 8] Cart add status: 200" source=console

running (0m04.0s), 020/150 VUs, 0 complete and 0 interrupted iterations
warmup      [  20% ] 20 VUs   04.0s/20s
main_test • [   0% ] waiting  16.0s
time="2025-12-06T22:13:26Z" level=info msg="[WARMUP VU 1] Cart add status: 200" source=console
time="2025-12-06T22:13:26Z" level=info msg="[WARMUP VU 5] Cart add status: 200" source=console
time="2025-12-06T22:13:26Z" level=info msg="[WARMUP VU 13] Cart add status: 200" source=console
time="2025-12-06T22:13:26Z" level=info msg="[WARMUP VU 3] Cart add status: 200" source=console
time="2025-12-06T22:13:26Z" level=info msg="[WARMUP VU 11] Cart add status: 200" source=console
time="2025-12-06T22:13:26Z" level=info msg="[WARMUP VU 17] Cart add status: 200" source=console
time="2025-12-06T22:13:26Z" level=info msg="[WARMUP VU 15] Cart add status: 200" source=console
time="2025-12-06T22:13:26Z" level=info msg="[WARMUP VU 19] Cart add status: 200" source=console
time="2025-12-06T22:13:26Z" level=info msg="[WARMUP VU 12] Cart add status: 200" source=console
time="2025-12-06T22:13:26Z" level=info msg="[WARMUP VU 16] Cart add status: 200" source=console
time="2025-12-06T22:13:26Z" level=info msg="[WARMUP VU 14] Cart add status: 200" source=console
time="2025-12-06T22:13:26Z" level=info msg="[WARMUP VU 7] Cart add status: 200" source=console
time="2025-12-06T22:13:26Z" level=info msg="[WARMUP VU 20] Cart add status: 200" source=console

running (0m05.0s), 020/150 VUs, 0 complete and 0 interrupted iterations
warmup      [  25% ] 20 VUs   05.0s/20s
main_test • [   0% ] waiting  15.0s
time="2025-12-06T22:13:26Z" level=info msg="[WARMUP VU 2] Starting warmup iteration" source=console
time="2025-12-06T22:13:26Z" level=info msg="[WARMUP VU 6] Starting warmup iteration" source=console
time="2025-12-06T22:13:26Z" level=info msg="[WARMUP VU 4] Starting warmup iteration" source=console
time="2025-12-06T22:13:26Z" level=info msg="[WARMUP VU 18] Starting warmup iteration" source=console
time="2025-12-06T22:13:26Z" level=info msg="[WARMUP VU 10] Starting warmup iteration" source=console
time="2025-12-06T22:13:26Z" level=info msg="[WARMUP VU 2] Got JWT: eyJhbGciOiJSUzI1NiIs..." source=console
time="2025-12-06T22:13:26Z" level=info msg="[WARMUP VU 9] Starting warmup iteration" source=console
time="2025-12-06T22:13:26Z" level=info msg="[WARMUP VU 8] Starting warmup iteration" source=console
time="2025-12-06T22:13:27Z" level=info msg="[WARMUP VU 4] Got JWT: eyJhbGciOiJSUzI1NiIs..." source=console
time="2025-12-06T22:13:27Z" level=info msg="[WARMUP VU 6] Got JWT: eyJhbGciOiJSUzI1NiIs..." source=console
time="2025-12-06T22:13:27Z" level=info msg="[WARMUP VU 10] Got JWT: eyJhbGciOiJSUzI1NiIs..." source=console
time="2025-12-06T22:13:27Z" level=info msg="[WARMUP VU 18] Got JWT: eyJhbGciOiJSUzI1NiIs..." source=console
time="2025-12-06T22:13:27Z" level=info msg="[WARMUP VU 8] Got JWT: eyJhbGciOiJSUzI1NiIs..." source=console
time="2025-12-06T22:13:27Z" level=info msg="[WARMUP VU 9] Got JWT: eyJhbGciOiJSUzI1NiIs..." source=console

running (0m06.0s), 020/150 VUs, 7 complete and 0 interrupted iterations
warmup      [  30% ] 20 VUs   06.0s/20s
main_test • [   0% ] waiting  14.0s
time="2025-12-06T22:13:27Z" level=info msg="[WARMUP VU 2] Cart add status: 200" source=console
time="2025-12-06T22:13:28Z" level=info msg="[WARMUP VU 6] Cart add status: 200" source=console
time="2025-12-06T22:13:28Z" level=info msg="[WARMUP VU 4] Cart add status: 200" source=console
time="2025-12-06T22:13:28Z" level=info msg="[WARMUP VU 5] Starting warmup iteration" source=console
time="2025-12-06T22:13:28Z" level=info msg="[WARMUP VU 1] Starting warmup iteration" source=console
time="2025-12-06T22:13:28Z" level=info msg="[WARMUP VU 13] Starting warmup iteration" source=console
time="2025-12-06T22:13:28Z" level=info msg="[WARMUP VU 11] Starting warmup iteration" source=console
time="2025-12-06T22:13:28Z" level=info msg="[WARMUP VU 3] Starting warmup iteration" source=console
time="2025-12-06T22:13:28Z" level=info msg="[WARMUP VU 17] Starting warmup iteration" source=console
time="2025-12-06T22:13:28Z" level=info msg="[WARMUP VU 15] Starting warmup iteration" source=console
time="2025-12-06T22:13:28Z" level=info msg="[WARMUP VU 12] Starting warmup iteration" source=console
time="2025-12-06T22:13:28Z" level=info msg="[WARMUP VU 19] Starting warmup iteration" source=console
time="2025-12-06T22:13:28Z" level=info msg="[WARMUP VU 20] Starting warmup iteration" source=console
time="2025-12-06T22:13:28Z" level=info msg="[WARMUP VU 14] Starting warmup iteration" source=console
time="2025-12-06T22:13:28Z" level=info msg="[WARMUP VU 16] Starting warmup iteration" source=console
time="2025-12-06T22:13:28Z" level=info msg="[WARMUP VU 7] Starting warmup iteration" source=console
time="2025-12-06T22:13:28Z" level=info msg="[WARMUP VU 8] Cart add status: 200" source=console
time="2025-12-06T22:13:28Z" level=info msg="[WARMUP VU 10] Cart add status: 200" source=console
time="2025-12-06T22:13:28Z" level=info msg="[WARMUP VU 9] Cart add status: 200" source=console
time="2025-12-06T22:13:28Z" level=info msg="[WARMUP VU 18] Cart add status: 200" source=console
time="2025-12-06T22:13:28Z" level=info msg="[WARMUP VU 5] Got JWT: eyJhbGciOiJSUzI1NiIs..." source=console
time="2025-12-06T22:13:28Z" level=info msg="[WARMUP VU 11] Got JWT: eyJhbGciOiJSUzI1NiIs..." source=console
time="2025-12-06T22:13:28Z" level=info msg="[WARMUP VU 15] Got JWT: eyJhbGciOiJSUzI1NiIs..." source=console
time="2025-12-06T22:13:28Z" level=info msg="[WARMUP VU 1] Got JWT: eyJhbGciOiJSUzI1NiIs..." source=console
time="2025-12-06T22:13:28Z" level=info msg="[WARMUP VU 13] Got JWT: eyJhbGciOiJSUzI1NiIs..." source=console
time="2025-12-06T22:13:28Z" level=info msg="[WARMUP VU 19] Got JWT: eyJhbGciOiJSUzI1NiIs..." source=console
time="2025-12-06T22:13:28Z" level=info msg="[WARMUP VU 3] Got JWT: eyJhbGciOiJSUzI1NiIs..." source=console
time="2025-12-06T22:13:28Z" level=info msg="[WARMUP VU 12] Got JWT: eyJhbGciOiJSUzI1NiIs..." source=console
time="2025-12-06T22:13:28Z" level=info msg="[WARMUP VU 7] Got JWT: eyJhbGciOiJSUzI1NiIs..." source=console
time="2025-12-06T22:13:28Z" level=info msg="[WARMUP VU 17] Got JWT: eyJhbGciOiJSUzI1NiIs..." source=console
time="2025-12-06T22:13:28Z" level=info msg="[WARMUP VU 20] Got JWT: eyJhbGciOiJSUzI1NiIs..." source=console
time="2025-12-06T22:13:28Z" level=info msg="[WARMUP VU 16] Got JWT: eyJhbGciOiJSUzI1NiIs..." source=console
time="2025-12-06T22:13:28Z" level=info msg="[WARMUP VU 14] Got JWT: eyJhbGciOiJSUzI1NiIs..." source=console

running (0m07.0s), 020/150 VUs, 20 complete and 0 interrupted iterations
warmup      [  35% ] 20 VUs   07.0s/20s
main_test • [   0% ] waiting  13.0s
time="2025-12-06T22:13:29Z" level=info msg="[WARMUP VU 5] Cart add status: 200" source=console
time="2025-12-06T22:13:29Z" level=info msg="[WARMUP VU 11] Cart add status: 200" source=console
time="2025-12-06T22:13:29Z" level=info msg="[WARMUP VU 19] Cart add status: 200" source=console
time="2025-12-06T22:13:29Z" level=info msg="[WARMUP VU 1] Cart add status: 200" source=console
time="2025-12-06T22:13:29Z" level=info msg="[WARMUP VU 3] Cart add status: 200" source=console
time="2025-12-06T22:13:29Z" level=info msg="[WARMUP VU 13] Cart add status: 200" source=console

running (0m08.0s), 020/150 VUs, 20 complete and 0 interrupted iterations
warmup      [  40% ] 20 VUs   08.0s/20s
main_test • [   0% ] waiting  12.0s
time="2025-12-06T22:13:29Z" level=info msg="[WARMUP VU 15] Cart add status: 200" source=console
time="2025-12-06T22:13:29Z" level=info msg="[WARMUP VU 16] Cart add status: 200" source=console
time="2025-12-06T22:13:29Z" level=info msg="[WARMUP VU 7] Cart add status: 200" source=console
time="2025-12-06T22:13:29Z" level=info msg="[WARMUP VU 17] Cart add status: 200" source=console
time="2025-12-06T22:13:29Z" level=info msg="[WARMUP VU 12] Cart add status: 200" source=console
time="2025-12-06T22:13:29Z" level=info msg="[WARMUP VU 14] Cart add status: 200" source=console
time="2025-12-06T22:13:29Z" level=info msg="[WARMUP VU 20] Cart add status: 200" source=console
time="2025-12-06T22:13:29Z" level=info msg="[WARMUP VU 2] Starting warmup iteration" source=console
time="2025-12-06T22:13:29Z" level=info msg="[WARMUP VU 2] Got JWT: eyJhbGciOiJSUzI1NiIs..." source=console
time="2025-12-06T22:13:30Z" level=info msg="[WARMUP VU 6] Starting warmup iteration" source=console
time="2025-12-06T22:13:30Z" level=info msg="[WARMUP VU 4] Starting warmup iteration" source=console
time="2025-12-06T22:13:30Z" level=info msg="[WARMUP VU 4] Got JWT: eyJhbGciOiJSUzI1NiIs..." source=console
time="2025-12-06T22:13:30Z" level=info msg="[WARMUP VU 6] Got JWT: eyJhbGciOiJSUzI1NiIs..." source=console
time="2025-12-06T22:13:30Z" level=info msg="[WARMUP VU 8] Starting warmup iteration" source=console
time="2025-12-06T22:13:30Z" level=info msg="[WARMUP VU 18] Starting warmup iteration" source=console
time="2025-12-06T22:13:30Z" level=info msg="[WARMUP VU 10] Starting warmup iteration" source=console
time="2025-12-06T22:13:30Z" level=info msg="[WARMUP VU 9] Starting warmup iteration" source=console
time="2025-12-06T22:13:30Z" level=info msg="[WARMUP VU 8] Got JWT: eyJhbGciOiJSUzI1NiIs..." source=console
time="2025-12-06T22:13:30Z" level=info msg="[WARMUP VU 18] Got JWT: eyJhbGciOiJSUzI1NiIs..." source=console
time="2025-12-06T22:13:30Z" level=info msg="[WARMUP VU 10] Got JWT: eyJhbGciOiJSUzI1NiIs..." source=console
time="2025-12-06T22:13:30Z" level=info msg="[WARMUP VU 9] Got JWT: eyJhbGciOiJSUzI1NiIs..." source=console

running (0m09.0s), 020/150 VUs, 27 complete and 0 interrupted iterations
warmup      [  45% ] 20 VUs   09.0s/20s
main_test • [   0% ] waiting  11.0s
time="2025-12-06T22:13:31Z" level=info msg="[WARMUP VU 2] Cart add status: 200" source=console
time="2025-12-06T22:13:31Z" level=info msg="[WARMUP VU 6] Cart add status: 200" source=console
time="2025-12-06T22:13:31Z" level=info msg="[WARMUP VU 4] Cart add status: 200" source=console
time="2025-12-06T22:13:31Z" level=info msg="[WARMUP VU 8] Cart add status: 200" source=console
time="2025-12-06T22:13:31Z" level=info msg="[WARMUP VU 18] Cart add status: 200" source=console
time="2025-12-06T22:13:31Z" level=info msg="[WARMUP VU 5] Starting warmup iteration" source=console
time="2025-12-06T22:13:31Z" level=info msg="[WARMUP VU 10] Cart add status: 200" source=console
time="2025-12-06T22:13:31Z" level=info msg="[WARMUP VU 11] Starting warmup iteration" source=console
time="2025-12-06T22:13:31Z" level=info msg="[WARMUP VU 9] Cart add status: 200" source=console
time="2025-12-06T22:13:31Z" level=info msg="[WARMUP VU 19] Starting warmup iteration" source=console
time="2025-12-06T22:13:31Z" level=info msg="[WARMUP VU 11] Got JWT: eyJhbGciOiJSUzI1NiIs..." source=console
time="2025-12-06T22:13:31Z" level=info msg="[WARMUP VU 5] Got JWT: eyJhbGciOiJSUzI1NiIs..." source=console
time="2025-12-06T22:13:31Z" level=info msg="[WARMUP VU 1] Starting warmup iteration" source=console
time="2025-12-06T22:13:31Z" level=info msg="[WARMUP VU 13] Starting warmup iteration" source=console
time="2025-12-06T22:13:31Z" level=info msg="[WARMUP VU 3] Starting warmup iteration" source=console

running (0m10.0s), 020/150 VUs, 33 complete and 0 interrupted iterations
warmup      [  50% ] 20 VUs   10.0s/20s
main_test • [   0% ] waiting  10.0s
time="2025-12-06T22:13:31Z" level=info msg="[WARMUP VU 15] Starting warmup iteration" source=console
time="2025-12-06T22:13:31Z" level=info msg="[WARMUP VU 7] Starting warmup iteration" source=console
time="2025-12-06T22:13:31Z" level=info msg="[WARMUP VU 16] Starting warmup iteration" source=console
time="2025-12-06T22:13:31Z" level=info msg="[WARMUP VU 17] Starting warmup iteration" source=console
time="2025-12-06T22:13:31Z" level=info msg="[WARMUP VU 12] Starting warmup iteration" source=console
time="2025-12-06T22:13:31Z" level=info msg="[WARMUP VU 14] Starting warmup iteration" source=console
time="2025-12-06T22:13:31Z" level=info msg="[WARMUP VU 20] Starting warmup iteration" source=console
time="2025-12-06T22:13:32Z" level=info msg="[WARMUP VU 19] Got JWT: eyJhbGciOiJSUzI1NiIs..." source=console
time="2025-12-06T22:13:32Z" level=info msg="[WARMUP VU 13] Got JWT: eyJhbGciOiJSUzI1NiIs..." source=console
time="2025-12-06T22:13:32Z" level=info msg="[WARMUP VU 3] Got JWT: eyJhbGciOiJSUzI1NiIs..." source=console
time="2025-12-06T22:13:32Z" level=info msg="[WARMUP VU 1] Got JWT: eyJhbGciOiJSUzI1NiIs..." source=console
time="2025-12-06T22:13:32Z" level=info msg="[WARMUP VU 15] Got JWT: eyJhbGciOiJSUzI1NiIs..." source=console
time="2025-12-06T22:13:32Z" level=info msg="[WARMUP VU 14] Got JWT: eyJhbGciOiJSUzI1NiIs..." source=console
time="2025-12-06T22:13:32Z" level=info msg="[WARMUP VU 12] Got JWT: eyJhbGciOiJSUzI1NiIs..." source=console
time="2025-12-06T22:13:32Z" level=info msg="[WARMUP VU 7] Got JWT: eyJhbGciOiJSUzI1NiIs..." source=console
time="2025-12-06T22:13:32Z" level=info msg="[WARMUP VU 16] Got JWT: eyJhbGciOiJSUzI1NiIs..." source=console
time="2025-12-06T22:13:32Z" level=info msg="[WARMUP VU 17] Got JWT: eyJhbGciOiJSUzI1NiIs..." source=console
time="2025-12-06T22:13:32Z" level=info msg="[WARMUP VU 20] Got JWT: eyJhbGciOiJSUzI1NiIs..." source=console

running (0m11.0s), 020/150 VUs, 40 complete and 0 interrupted iterations
warmup      [  55% ] 20 VUs   11.0s/20s
main_test • [   0% ] waiting  09.0s
time="2025-12-06T22:13:32Z" level=info msg="[WARMUP VU 11] Cart add status: 200" source=console
time="2025-12-06T22:13:32Z" level=info msg="[WARMUP VU 5] Cart add status: 200" source=console
time="2025-12-06T22:13:33Z" level=info msg="[WARMUP VU 2] Starting warmup iteration" source=console
time="2025-12-06T22:13:33Z" level=info msg="[WARMUP VU 2] Got JWT: eyJhbGciOiJSUzI1NiIs..." source=console
time="2025-12-06T22:13:33Z" level=info msg="[WARMUP VU 19] Cart add status: 200" source=console
time="2025-12-06T22:13:33Z" level=info msg="[WARMUP VU 3] Cart add status: 200" source=console
time="2025-12-06T22:13:33Z" level=info msg="[WARMUP VU 1] Cart add status: 200" source=console
time="2025-12-06T22:13:33Z" level=info msg="[WARMUP VU 13] Cart add status: 200" source=console
time="2025-12-06T22:13:33Z" level=info msg="[WARMUP VU 15] Cart add status: 200" source=console
time="2025-12-06T22:13:33Z" level=info msg="[WARMUP VU 4] Starting warmup iteration" source=console
time="2025-12-06T22:13:33Z" level=info msg="[WARMUP VU 6] Starting warmup iteration" source=console
time="2025-12-06T22:13:33Z" level=info msg="[WARMUP VU 6] Got JWT: eyJhbGciOiJSUzI1NiIs..." source=console
time="2025-12-06T22:13:33Z" level=info msg="[WARMUP VU 4] Got JWT: eyJhbGciOiJSUzI1NiIs..." source=console
time="2025-12-06T22:13:33Z" level=info msg="[WARMUP VU 12] Cart add status: 200" source=console
time="2025-12-06T22:13:33Z" level=info msg="[WARMUP VU 20] Cart add status: 200" source=console
time="2025-12-06T22:13:33Z" level=info msg="[WARMUP VU 14] Cart add status: 200" source=console
time="2025-12-06T22:13:33Z" level=info msg="[WARMUP VU 16] Cart add status: 200" source=console
time="2025-12-06T22:13:33Z" level=info msg="[WARMUP VU 7] Cart add status: 200" source=console
time="2025-12-06T22:13:33Z" level=info msg="[WARMUP VU 17] Cart add status: 200" source=console
time="2025-12-06T22:13:33Z" level=info msg="[WARMUP VU 8] Starting warmup iteration" source=console
time="2025-12-06T22:13:33Z" level=info msg="[WARMUP VU 18] Starting warmup iteration" source=console
time="2025-12-06T22:13:33Z" level=info msg="[WARMUP VU 10] Starting warmup iteration" source=console
time="2025-12-06T22:13:33Z" level=info msg="[WARMUP VU 9] Starting warmup iteration" source=console
time="2025-12-06T22:13:33Z" level=info msg="[WARMUP VU 8] Got JWT: eyJhbGciOiJSUzI1NiIs..." source=console
time="2025-12-06T22:13:33Z" level=info msg="[WARMUP VU 18] Got JWT: eyJhbGciOiJSUzI1NiIs..." source=console
time="2025-12-06T22:13:33Z" level=info msg="[WARMUP VU 10] Got JWT: eyJhbGciOiJSUzI1NiIs..." source=console

running (0m12.0s), 020/150 VUs, 47 complete and 0 interrupted iterations
warmup      [  60% ] 20 VUs   12.0s/20s
main_test • [   0% ] waiting  08.0s
time="2025-12-06T22:13:33Z" level=info msg="[WARMUP VU 9] Got JWT: eyJhbGciOiJSUzI1NiIs..." source=console
time="2025-12-06T22:13:34Z" level=info msg="[WARMUP VU 2] Cart add status: 200" source=console
time="2025-12-06T22:13:34Z" level=info msg="[WARMUP VU 6] Cart add status: 200" source=console
time="2025-12-06T22:13:34Z" level=info msg="[WARMUP VU 4] Cart add status: 200" source=console
time="2025-12-06T22:13:34Z" level=info msg="[WARMUP VU 8] Cart add status: 200" source=console

running (0m13.0s), 020/150 VUs, 47 complete and 0 interrupted iterations
warmup      [  65% ] 20 VUs   13.0s/20s
main_test • [   0% ] waiting  07.0s
time="2025-12-06T22:13:34Z" level=info msg="[WARMUP VU 5] Starting warmup iteration" source=console
time="2025-12-06T22:13:34Z" level=info msg="[WARMUP VU 11] Starting warmup iteration" source=console
time="2025-12-06T22:13:34Z" level=info msg="[WARMUP VU 10] Cart add status: 200" source=console
time="2025-12-06T22:13:34Z" level=info msg="[WARMUP VU 18] Cart add status: 200" source=console
time="2025-12-06T22:13:34Z" level=info msg="[WARMUP VU 5] Got JWT: eyJhbGciOiJSUzI1NiIs..." source=console
time="2025-12-06T22:13:34Z" level=info msg="[WARMUP VU 11] Got JWT: eyJhbGciOiJSUzI1NiIs..." source=console
time="2025-12-06T22:13:34Z" level=info msg="[WARMUP VU 9] Cart add status: 200" source=console
time="2025-12-06T22:13:35Z" level=info msg="[WARMUP VU 19] Starting warmup iteration" source=console
time="2025-12-06T22:13:35Z" level=info msg="[WARMUP VU 3] Starting warmup iteration" source=console
time="2025-12-06T22:13:35Z" level=info msg="[WARMUP VU 1] Starting warmup iteration" source=console
time="2025-12-06T22:13:35Z" level=info msg="[WARMUP VU 13] Starting warmup iteration" source=console
time="2025-12-06T22:13:35Z" level=info msg="[WARMUP VU 19] Got JWT: eyJhbGciOiJSUzI1NiIs..." source=console
time="2025-12-06T22:13:35Z" level=info msg="[WARMUP VU 3] Got JWT: eyJhbGciOiJSUzI1NiIs..." source=console
time="2025-12-06T22:13:35Z" level=info msg="[WARMUP VU 13] Got JWT: eyJhbGciOiJSUzI1NiIs..." source=console
time="2025-12-06T22:13:35Z" level=info msg="[WARMUP VU 1] Got JWT: eyJhbGciOiJSUzI1NiIs..." source=console
time="2025-12-06T22:13:35Z" level=info msg="[WARMUP VU 15] Starting warmup iteration" source=console
time="2025-12-06T22:13:35Z" level=info msg="[WARMUP VU 15] Got JWT: eyJhbGciOiJSUzI1NiIs..." source=console
time="2025-12-06T22:13:35Z" level=info msg="[WARMUP VU 12] Starting warmup iteration" source=console
time="2025-12-06T22:13:35Z" level=info msg="[WARMUP VU 20] Starting warmup iteration" source=console
time="2025-12-06T22:13:35Z" level=info msg="[WARMUP VU 14] Starting warmup iteration" source=console
time="2025-12-06T22:13:35Z" level=info msg="[WARMUP VU 7] Starting warmup iteration" source=console
time="2025-12-06T22:13:35Z" level=info msg="[WARMUP VU 16] Starting warmup iteration" source=console
time="2025-12-06T22:13:35Z" level=info msg="[WARMUP VU 17] Starting warmup iteration" source=console
time="2025-12-06T22:13:35Z" level=info msg="[WARMUP VU 12] Got JWT: eyJhbGciOiJSUzI1NiIs..." source=console
time="2025-12-06T22:13:35Z" level=info msg="[WARMUP VU 17] Got JWT: eyJhbGciOiJSUzI1NiIs..." source=console
time="2025-12-06T22:13:35Z" level=info msg="[WARMUP VU 7] Got JWT: eyJhbGciOiJSUzI1NiIs..." source=console
time="2025-12-06T22:13:35Z" level=info msg="[WARMUP VU 14] Got JWT: eyJhbGciOiJSUzI1NiIs..." source=console
time="2025-12-06T22:13:35Z" level=info msg="[WARMUP VU 16] Got JWT: eyJhbGciOiJSUzI1NiIs..." source=console
time="2025-12-06T22:13:35Z" level=info msg="[WARMUP VU 20] Got JWT: eyJhbGciOiJSUzI1NiIs..." source=console

running (0m14.0s), 020/150 VUs, 60 complete and 0 interrupted iterations
warmup      [  70% ] 20 VUs   14.0s/20s
main_test • [   0% ] waiting  06.0s
time="2025-12-06T22:13:35Z" level=info msg="[WARMUP VU 5] Cart add status: 200" source=console
time="2025-12-06T22:13:35Z" level=info msg="[WARMUP VU 11] Cart add status: 200" source=console
time="2025-12-06T22:13:36Z" level=info msg="[WARMUP VU 2] Starting warmup iteration" source=console
time="2025-12-06T22:13:36Z" level=info msg="[WARMUP VU 2] Got JWT: eyJhbGciOiJSUzI1NiIs..." source=console
time="2025-12-06T22:13:36Z" level=info msg="[WARMUP VU 19] Cart add status: 200" source=console
time="2025-12-06T22:13:36Z" level=info msg="[WARMUP VU 3] Cart add status: 200" source=console
time="2025-12-06T22:13:36Z" level=info msg="[WARMUP VU 1] Cart add status: 200" source=console
time="2025-12-06T22:13:36Z" level=info msg="[WARMUP VU 13] Cart add status: 200" source=console
time="2025-12-06T22:13:36Z" level=info msg="[WARMUP VU 6] Starting warmup iteration" source=console
time="2025-12-06T22:13:36Z" level=info msg="[WARMUP VU 4] Starting warmup iteration" source=console
time="2025-12-06T22:13:36Z" level=info msg="[WARMUP VU 6] Got JWT: eyJhbGciOiJSUzI1NiIs..." source=console
time="2025-12-06T22:13:36Z" level=info msg="[WARMUP VU 4] Got JWT: eyJhbGciOiJSUzI1NiIs..." source=console
time="2025-12-06T22:13:36Z" level=info msg="[WARMUP VU 15] Cart add status: 200" source=console
time="2025-12-06T22:13:36Z" level=info msg="[WARMUP VU 12] Cart add status: 200" source=console
time="2025-12-06T22:13:36Z" level=info msg="[WARMUP VU 14] Cart add status: 200" source=console
time="2025-12-06T22:13:36Z" level=info msg="[WARMUP VU 7] Cart add status: 200" source=console
time="2025-12-06T22:13:36Z" level=info msg="[WARMUP VU 17] Cart add status: 200" source=console
time="2025-12-06T22:13:36Z" level=info msg="[WARMUP VU 16] Cart add status: 200" source=console
time="2025-12-06T22:13:36Z" level=info msg="[WARMUP VU 8] Starting warmup iteration" source=console
time="2025-12-06T22:13:36Z" level=info msg="[WARMUP VU 20] Cart add status: 200" source=console
time="2025-12-06T22:13:36Z" level=info msg="[WARMUP VU 8] Got JWT: eyJhbGciOiJSUzI1NiIs..." source=console

running (0m15.0s), 020/150 VUs, 64 complete and 0 interrupted iterations
warmup      [  75% ] 20 VUs   15.0s/20s
main_test • [   0% ] waiting  05.0s
time="2025-12-06T22:13:36Z" level=info msg="[WARMUP VU 10] Starting warmup iteration" source=console
time="2025-12-06T22:13:36Z" level=info msg="[WARMUP VU 18] Starting warmup iteration" source=console
time="2025-12-06T22:13:36Z" level=info msg="[WARMUP VU 18] Got JWT: eyJhbGciOiJSUzI1NiIs..." source=console
time="2025-12-06T22:13:36Z" level=info msg="[WARMUP VU 10] Got JWT: eyJhbGciOiJSUzI1NiIs..." source=console
time="2025-12-06T22:13:36Z" level=info msg="[WARMUP VU 9] Starting warmup iteration" source=console
time="2025-12-06T22:13:36Z" level=info msg="[WARMUP VU 9] Got JWT: eyJhbGciOiJSUzI1NiIs..." source=console
time="2025-12-06T22:13:37Z" level=info msg="[WARMUP VU 2] Cart add status: 200" source=console
time="2025-12-06T22:13:37Z" level=info msg="[WARMUP VU 4] Cart add status: 200" source=console
time="2025-12-06T22:13:37Z" level=info msg="[WARMUP VU 6] Cart add status: 200" source=console
time="2025-12-06T22:13:37Z" level=info msg="[WARMUP VU 8] Cart add status: 200" source=console

running (0m16.0s), 020/150 VUs, 67 complete and 0 interrupted iterations
warmup      [  80% ] 20 VUs   16.0s/20s
main_test • [   0% ] waiting  04.0s
time="2025-12-06T22:13:37Z" level=info msg="[WARMUP VU 18] Cart add status: 200" source=console
time="2025-12-06T22:13:37Z" level=info msg="[WARMUP VU 10] Cart add status: 200" source=console
time="2025-12-06T22:13:37Z" level=info msg="[WARMUP VU 5] Starting warmup iteration" source=console
time="2025-12-06T22:13:37Z" level=info msg="[WARMUP VU 11] Starting warmup iteration" source=console
time="2025-12-06T22:13:38Z" level=info msg="[WARMUP VU 9] Cart add status: 200" source=console
time="2025-12-06T22:13:38Z" level=info msg="[WARMUP VU 5] Got JWT: eyJhbGciOiJSUzI1NiIs..." source=console
time="2025-12-06T22:13:38Z" level=info msg="[WARMUP VU 11] Got JWT: eyJhbGciOiJSUzI1NiIs..." source=console
time="2025-12-06T22:13:38Z" level=info msg="[WARMUP VU 19] Starting warmup iteration" source=console
time="2025-12-06T22:13:38Z" level=info msg="[WARMUP VU 19] Got JWT: eyJhbGciOiJSUzI1NiIs..." source=console
time="2025-12-06T22:13:38Z" level=info msg="[WARMUP VU 3] Starting warmup iteration" source=console
time="2025-12-06T22:13:38Z" level=info msg="[WARMUP VU 3] Got JWT: eyJhbGciOiJSUzI1NiIs..." source=console
time="2025-12-06T22:13:38Z" level=info msg="[WARMUP VU 1] Starting warmup iteration" source=console
time="2025-12-06T22:13:38Z" level=info msg="[WARMUP VU 13] Starting warmup iteration" source=console
time="2025-12-06T22:13:38Z" level=info msg="[WARMUP VU 1] Got JWT: eyJhbGciOiJSUzI1NiIs..." source=console
time="2025-12-06T22:13:38Z" level=info msg="[WARMUP VU 13] Got JWT: eyJhbGciOiJSUzI1NiIs..." source=console
time="2025-12-06T22:13:38Z" level=info msg="[WARMUP VU 15] Starting warmup iteration" source=console
time="2025-12-06T22:13:38Z" level=info msg="[WARMUP VU 15] Got JWT: eyJhbGciOiJSUzI1NiIs..." source=console
time="2025-12-06T22:13:38Z" level=info msg="[WARMUP VU 12] Starting warmup iteration" source=console
time="2025-12-06T22:13:38Z" level=info msg="[WARMUP VU 12] Got JWT: eyJhbGciOiJSUzI1NiIs..." source=console
time="2025-12-06T22:13:38Z" level=info msg="[WARMUP VU 14] Starting warmup iteration" source=console
time="2025-12-06T22:13:38Z" level=info msg="[WARMUP VU 7] Starting warmup iteration" source=console
time="2025-12-06T22:13:38Z" level=info msg="[WARMUP VU 17] Starting warmup iteration" source=console
time="2025-12-06T22:13:38Z" level=info msg="[WARMUP VU 16] Starting warmup iteration" source=console
time="2025-12-06T22:13:38Z" level=info msg="[WARMUP VU 14] Got JWT: eyJhbGciOiJSUzI1NiIs..." source=console
time="2025-12-06T22:13:38Z" level=info msg="[WARMUP VU 20] Starting warmup iteration" source=console

running (0m17.0s), 020/150 VUs, 80 complete and 0 interrupted iterations
warmup      [  85% ] 20 VUs   17.0s/20s
main_test • [   0% ] waiting  03.0s
time="2025-12-06T22:13:38Z" level=info msg="[WARMUP VU 17] Got JWT: eyJhbGciOiJSUzI1NiIs..." source=console
time="2025-12-06T22:13:38Z" level=info msg="[WARMUP VU 7] Got JWT: eyJhbGciOiJSUzI1NiIs..." source=console
time="2025-12-06T22:13:38Z" level=info msg="[WARMUP VU 20] Got JWT: eyJhbGciOiJSUzI1NiIs..." source=console
time="2025-12-06T22:13:38Z" level=info msg="[WARMUP VU 16] Got JWT: eyJhbGciOiJSUzI1NiIs..." source=console
time="2025-12-06T22:13:39Z" level=info msg="[WARMUP VU 2] Starting warmup iteration" source=console
time="2025-12-06T22:13:39Z" level=info msg="[WARMUP VU 11] Cart add status: 200" source=console
time="2025-12-06T22:13:39Z" level=info msg="[WARMUP VU 2] Got JWT: eyJhbGciOiJSUzI1NiIs..." source=console
time="2025-12-06T22:13:39Z" level=info msg="[WARMUP VU 5] Cart add status: 200" source=console
time="2025-12-06T22:13:39Z" level=info msg="[WARMUP VU 19] Cart add status: 200" source=console
time="2025-12-06T22:13:39Z" level=info msg="[WARMUP VU 3] Cart add status: 200" source=console
time="2025-12-06T22:13:39Z" level=info msg="[WARMUP VU 1] Cart add status: 200" source=console
time="2025-12-06T22:13:39Z" level=info msg="[WARMUP VU 13] Cart add status: 200" source=console
time="2025-12-06T22:13:39Z" level=info msg="[WARMUP VU 6] Starting warmup iteration" source=console
time="2025-12-06T22:13:39Z" level=info msg="[WARMUP VU 4] Starting warmup iteration" source=console
time="2025-12-06T22:13:39Z" level=info msg="[WARMUP VU 4] Got JWT: eyJhbGciOiJSUzI1NiIs..." source=console
time="2025-12-06T22:13:39Z" level=info msg="[WARMUP VU 6] Got JWT: eyJhbGciOiJSUzI1NiIs..." source=console
time="2025-12-06T22:13:39Z" level=info msg="[WARMUP VU 15] Cart add status: 200" source=console
time="2025-12-06T22:13:39Z" level=info msg="[WARMUP VU 12] Cart add status: 200" source=console
time="2025-12-06T22:13:39Z" level=info msg="[WARMUP VU 14] Cart add status: 200" source=console
time="2025-12-06T22:13:39Z" level=info msg="[WARMUP VU 8] Starting warmup iteration" source=console
time="2025-12-06T22:13:39Z" level=info msg="[WARMUP VU 8] Got JWT: eyJhbGciOiJSUzI1NiIs..." source=console

running (0m18.0s), 020/150 VUs, 84 complete and 0 interrupted iterations
warmup      [  90% ] 20 VUs   18.0s/20s
main_test • [   0% ] waiting  02.0s
time="2025-12-06T22:13:39Z" level=info msg="[WARMUP VU 18] Starting warmup iteration" source=console
time="2025-12-06T22:13:39Z" level=info msg="[WARMUP VU 10] Starting warmup iteration" source=console
time="2025-12-06T22:13:39Z" level=info msg="[WARMUP VU 7] Cart add status: 200" source=console
time="2025-12-06T22:13:39Z" level=info msg="[WARMUP VU 17] Cart add status: 200" source=console
time="2025-12-06T22:13:39Z" level=info msg="[WARMUP VU 16] Cart add status: 200" source=console
time="2025-12-06T22:13:39Z" level=info msg="[WARMUP VU 20] Cart add status: 200" source=console
time="2025-12-06T22:13:39Z" level=info msg="[WARMUP VU 18] Got JWT: eyJhbGciOiJSUzI1NiIs..." source=console
time="2025-12-06T22:13:39Z" level=info msg="[WARMUP VU 10] Got JWT: eyJhbGciOiJSUzI1NiIs..." source=console
time="2025-12-06T22:13:40Z" level=info msg="[WARMUP VU 9] Starting warmup iteration" source=console
time="2025-12-06T22:13:40Z" level=info msg="[WARMUP VU 9] Got JWT: eyJhbGciOiJSUzI1NiIs..." source=console
time="2025-12-06T22:13:40Z" level=info msg="[WARMUP VU 2] Cart add status: 200" source=console
time="2025-12-06T22:13:40Z" level=info msg="[WARMUP VU 6] Cart add status: 200" source=console
time="2025-12-06T22:13:40Z" level=info msg="[WARMUP VU 4] Cart add status: 200" source=console
time="2025-12-06T22:13:40Z" level=info msg="[WARMUP VU 8] Cart add status: 200" source=console

running (0m19.0s), 020/150 VUs, 87 complete and 0 interrupted iterations
warmup      [  95% ] 20 VUs   19.0s/20s
main_test • [   0% ] waiting  01.0s
time="2025-12-06T22:13:40Z" level=info msg="[WARMUP VU 10] Cart add status: 200" source=console
time="2025-12-06T22:13:40Z" level=info msg="[WARMUP VU 18] Cart add status: 200" source=console
time="2025-12-06T22:13:41Z" level=info msg="[WARMUP VU 11] Starting warmup iteration" source=console
time="2025-12-06T22:13:41Z" level=info msg="[WARMUP VU 9] Cart add status: 200" source=console
time="2025-12-06T22:13:41Z" level=info msg="[WARMUP VU 11] Got JWT: eyJhbGciOiJSUzI1NiIs..." source=console
time="2025-12-06T22:13:41Z" level=info msg="[WARMUP VU 5] Starting warmup iteration" source=console
time="2025-12-06T22:13:41Z" level=info msg="[WARMUP VU 5] Got JWT: eyJhbGciOiJSUzI1NiIs..." source=console
time="2025-12-06T22:13:41Z" level=info msg="[WARMUP VU 19] Starting warmup iteration" source=console
time="2025-12-06T22:13:41Z" level=info msg="[WARMUP VU 3] Starting warmup iteration" source=console
time="2025-12-06T22:13:41Z" level=info msg="[WARMUP VU 19] Got JWT: eyJhbGciOiJSUzI1NiIs..." source=console
time="2025-12-06T22:13:41Z" level=info msg="[WARMUP VU 1] Starting warmup iteration" source=console
time="2025-12-06T22:13:41Z" level=info msg="[WARMUP VU 13] Starting warmup iteration" source=console
time="2025-12-06T22:13:41Z" level=info msg="[WARMUP VU 3] Got JWT: eyJhbGciOiJSUzI1NiIs..." source=console
time="2025-12-06T22:13:41Z" level=info msg="[WARMUP VU 13] Got JWT: eyJhbGciOiJSUzI1NiIs..." source=console
time="2025-12-06T22:13:41Z" level=info msg="[WARMUP VU 1] Got JWT: eyJhbGciOiJSUzI1NiIs..." source=console
time="2025-12-06T22:13:41Z" level=info msg="[WARMUP VU 15] Starting warmup iteration" source=console
time="2025-12-06T22:13:41Z" level=info msg="[WARMUP VU 15] Got JWT: eyJhbGciOiJSUzI1NiIs..." source=console
time="2025-12-06T22:13:41Z" level=info msg="[WARMUP VU 12] Starting warmup iteration" source=console
time="2025-12-06T22:13:41Z" level=info msg="[WARMUP VU 12] Got JWT: eyJhbGciOiJSUzI1NiIs..." source=console
time="2025-12-06T22:13:41Z" level=info msg="[WARMUP VU 14] Starting warmup iteration" source=console
time="2025-12-06T22:13:41Z" level=info msg="[WARMUP VU 14] Got JWT: eyJhbGciOiJSUzI1NiIs..." source=console

running (0m20.0s), 020/150 VUs, 96 complete and 0 interrupted iterations
warmup      [ 100% ] 20 VUs   20.0s/20s
main_test • [   0% ] waiting  00.0s
time="2025-12-06T22:13:42Z" level=info msg="[WARMUP VU 11] Cart add status: 200" source=console
time="2025-12-06T22:13:42Z" level=info msg="[WARMUP VU 5] Cart add status: 200" source=console
time="2025-12-06T22:13:42Z" level=info msg="[WARMUP VU 19] Cart add status: 200" source=console
time="2025-12-06T22:13:42Z" level=info msg="[WARMUP VU 3] Cart add status: 200" source=console
time="2025-12-06T22:13:42Z" level=info msg="[WARMUP VU 13] Cart add status: 200" source=console
time="2025-12-06T22:13:42Z" level=info msg="[WARMUP VU 1] Cart add status: 200" source=console
time="2025-12-06T22:13:42Z" level=info msg="[WARMUP VU 15] Cart add status: 200" source=console
time="2025-12-06T22:13:42Z" level=info msg="[WARMUP VU 12] Cart add status: 200" source=console
time="2025-12-06T22:13:42Z" level=info msg="[WARMUP VU 14] Cart add status: 200" source=console

running (0m21.0s), 014/150 VUs, 104 complete and 0 interrupted iterations
warmup    ↓ [ 100% ] 20 VUs       20s
main_test   [   0% ] 002/150 VUs  0m01.0s/5m00.0s

running (0m22.0s), 013/150 VUs, 107 complete and 0 interrupted iterations
warmup    ↓ [ 100% ] 20 VUs       20s
main_test   [   1% ] 004/150 VUs  0m02.0s/5m00.0s

running (0m23.0s), 007/150 VUs, 116 complete and 0 interrupted iterations
warmup    ✓ [ 100% ] 20 VUs       20s
main_test   [   1% ] 007/150 VUs  0m03.0s/5m00.0s

running (0m24.0s), 009/150 VUs, 116 complete and 0 interrupted iterations
warmup    ✓ [ 100% ] 20 VUs       20s
main_test   [   1% ] 009/150 VUs  0m04.0s/5m00.0s

running (0m25.0s), 012/150 VUs, 116 complete and 0 interrupted iterations
warmup    ✓ [ 100% ] 20 VUs       20s
main_test   [   2% ] 012/150 VUs  0m05.0s/5m00.0s

running (0m26.0s), 014/150 VUs, 116 complete and 0 interrupted iterations
warmup    ✓ [ 100% ] 20 VUs       20s
main_test   [   2% ] 014/150 VUs  0m06.0s/5m00.0s

running (0m27.0s), 017/150 VUs, 116 complete and 0 interrupted iterations
warmup    ✓ [ 100% ] 20 VUs       20s
main_test   [   2% ] 017/150 VUs  0m07.0s/5m00.0s

running (0m28.0s), 019/150 VUs, 116 complete and 0 interrupted iterations
warmup    ✓ [ 100% ] 20 VUs       20s
main_test   [   3% ] 019/150 VUs  0m08.0s/5m00.0s

running (0m29.0s), 022/150 VUs, 116 complete and 0 interrupted iterations
warmup    ✓ [ 100% ] 20 VUs       20s
main_test   [   3% ] 022/150 VUs  0m09.0s/5m00.0s

running (0m30.0s), 024/150 VUs, 116 complete and 0 interrupted iterations
warmup    ✓ [ 100% ] 20 VUs       20s
main_test   [   3% ] 024/150 VUs  0m10.0s/5m00.0s

running (0m31.0s), 027/150 VUs, 116 complete and 0 interrupted iterations
warmup    ✓ [ 100% ] 20 VUs       20s
main_test   [   4% ] 027/150 VUs  0m11.0s/5m00.0s

running (0m32.0s), 029/150 VUs, 116 complete and 0 interrupted iterations
warmup    ✓ [ 100% ] 20 VUs       20s
main_test   [   4% ] 029/150 VUs  0m12.0s/5m00.0s

running (0m33.0s), 032/150 VUs, 116 complete and 0 interrupted iterations
warmup    ✓ [ 100% ] 20 VUs       20s
main_test   [   4% ] 032/150 VUs  0m13.0s/5m00.0s

running (0m34.0s), 034/150 VUs, 116 complete and 0 interrupted iterations
warmup    ✓ [ 100% ] 20 VUs       20s
main_test   [   5% ] 034/150 VUs  0m14.0s/5m00.0s

running (0m35.0s), 037/150 VUs, 116 complete and 0 interrupted iterations
warmup    ✓ [ 100% ] 20 VUs       20s
main_test   [   5% ] 037/150 VUs  0m15.0s/5m00.0s

running (0m36.0s), 039/150 VUs, 116 complete and 0 interrupted iterations
warmup    ✓ [ 100% ] 20 VUs       20s
main_test   [   5% ] 039/150 VUs  0m16.0s/5m00.0s

running (0m37.0s), 042/150 VUs, 116 complete and 0 interrupted iterations
warmup    ✓ [ 100% ] 20 VUs       20s
main_test   [   6% ] 042/150 VUs  0m17.0s/5m00.0s

running (0m38.0s), 044/150 VUs, 116 complete and 0 interrupted iterations
warmup    ✓ [ 100% ] 20 VUs       20s
main_test   [   6% ] 044/150 VUs  0m18.0s/5m00.0s

running (0m39.0s), 047/150 VUs, 116 complete and 0 interrupted iterations
warmup    ✓ [ 100% ] 20 VUs       20s
main_test   [   6% ] 047/150 VUs  0m19.0s/5m00.0s

running (0m40.0s), 049/150 VUs, 116 complete and 0 interrupted iterations
warmup    ✓ [ 100% ] 20 VUs       20s
main_test   [   7% ] 049/150 VUs  0m20.0s/5m00.0s

running (0m41.0s), 052/150 VUs, 116 complete and 0 interrupted iterations
warmup    ✓ [ 100% ] 20 VUs       20s
main_test   [   7% ] 052/150 VUs  0m21.0s/5m00.0s

running (0m42.0s), 054/150 VUs, 116 complete and 0 interrupted iterations
warmup    ✓ [ 100% ] 20 VUs       20s
main_test   [   7% ] 054/150 VUs  0m22.0s/5m00.0s

running (0m43.0s), 057/150 VUs, 116 complete and 0 interrupted iterations
warmup    ✓ [ 100% ] 20 VUs       20s
main_test   [   8% ] 057/150 VUs  0m23.0s/5m00.0s

running (0m44.0s), 059/150 VUs, 116 complete and 0 interrupted iterations
warmup    ✓ [ 100% ] 20 VUs       20s
main_test   [   8% ] 059/150 VUs  0m24.0s/5m00.0s

running (0m45.0s), 062/150 VUs, 116 complete and 0 interrupted iterations
warmup    ✓ [ 100% ] 20 VUs       20s
main_test   [   8% ] 062/150 VUs  0m25.0s/5m00.0s

running (0m46.0s), 064/150 VUs, 116 complete and 0 interrupted iterations
warmup    ✓ [ 100% ] 20 VUs       20s
main_test   [   9% ] 064/150 VUs  0m26.0s/5m00.0s

running (0m47.0s), 067/150 VUs, 116 complete and 0 interrupted iterations
warmup    ✓ [ 100% ] 20 VUs       20s
main_test   [   9% ] 067/150 VUs  0m27.0s/5m00.0s

running (0m48.0s), 069/150 VUs, 116 complete and 0 interrupted iterations
warmup    ✓ [ 100% ] 20 VUs       20s
main_test   [   9% ] 069/150 VUs  0m28.0s/5m00.0s

running (0m49.0s), 072/150 VUs, 116 complete and 0 interrupted iterations
warmup    ✓ [ 100% ] 20 VUs       20s
main_test   [  10% ] 072/150 VUs  0m29.0s/5m00.0s

running (0m50.0s), 074/150 VUs, 116 complete and 0 interrupted iterations
warmup    ✓ [ 100% ] 20 VUs       20s
main_test   [  10% ] 074/150 VUs  0m30.0s/5m00.0s

running (0m51.0s), 077/150 VUs, 116 complete and 0 interrupted iterations
warmup    ✓ [ 100% ] 20 VUs       20s
main_test   [  10% ] 077/150 VUs  0m31.0s/5m00.0s

running (0m52.0s), 079/150 VUs, 116 complete and 0 interrupted iterations
warmup    ✓ [ 100% ] 20 VUs       20s
main_test   [  11% ] 079/150 VUs  0m32.0s/5m00.0s

running (0m53.0s), 082/150 VUs, 116 complete and 0 interrupted iterations
warmup    ✓ [ 100% ] 20 VUs       20s
main_test   [  11% ] 082/150 VUs  0m33.0s/5m00.0s

running (0m54.0s), 084/150 VUs, 116 complete and 0 interrupted iterations
warmup    ✓ [ 100% ] 20 VUs       20s
main_test   [  11% ] 084/150 VUs  0m34.0s/5m00.0s

running (0m55.0s), 087/150 VUs, 116 complete and 0 interrupted iterations
warmup    ✓ [ 100% ] 20 VUs       20s
main_test   [  12% ] 087/150 VUs  0m35.0s/5m00.0s

running (0m56.0s), 089/150 VUs, 116 complete and 0 interrupted iterations
warmup    ✓ [ 100% ] 20 VUs       20s
main_test   [  12% ] 089/150 VUs  0m36.0s/5m00.0s

running (0m57.0s), 092/150 VUs, 116 complete and 0 interrupted iterations
warmup    ✓ [ 100% ] 20 VUs       20s
main_test   [  12% ] 092/150 VUs  0m37.0s/5m00.0s

running (0m58.0s), 094/150 VUs, 116 complete and 0 interrupted iterations
warmup    ✓ [ 100% ] 20 VUs       20s
main_test   [  13% ] 094/150 VUs  0m38.0s/5m00.0s

running (0m59.0s), 097/150 VUs, 116 complete and 0 interrupted iterations
warmup    ✓ [ 100% ] 20 VUs       20s
main_test   [  13% ] 097/150 VUs  0m39.0s/5m00.0s

running (1m00.0s), 099/150 VUs, 116 complete and 0 interrupted iterations
warmup    ✓ [ 100% ] 20 VUs       20s
main_test   [  13% ] 099/150 VUs  0m40.0s/5m00.0s

running (1m01.0s), 102/150 VUs, 116 complete and 0 interrupted iterations
warmup    ✓ [ 100% ] 20 VUs       20s
main_test   [  14% ] 102/150 VUs  0m41.0s/5m00.0s

running (1m02.0s), 104/150 VUs, 116 complete and 0 interrupted iterations
warmup    ✓ [ 100% ] 20 VUs       20s
main_test   [  14% ] 104/150 VUs  0m42.0s/5m00.0s

running (1m03.0s), 107/150 VUs, 116 complete and 0 interrupted iterations
warmup    ✓ [ 100% ] 20 VUs       20s
main_test   [  14% ] 107/150 VUs  0m43.0s/5m00.0s

running (1m04.0s), 109/150 VUs, 116 complete and 0 interrupted iterations
warmup    ✓ [ 100% ] 20 VUs       20s
main_test   [  15% ] 109/150 VUs  0m44.0s/5m00.0s

running (1m05.0s), 112/150 VUs, 116 complete and 0 interrupted iterations
warmup    ✓ [ 100% ] 20 VUs       20s
main_test   [  15% ] 112/150 VUs  0m45.0s/5m00.0s

running (1m06.0s), 114/150 VUs, 116 complete and 0 interrupted iterations
warmup    ✓ [ 100% ] 20 VUs       20s
main_test   [  15% ] 114/150 VUs  0m46.0s/5m00.0s

running (1m07.0s), 117/150 VUs, 116 complete and 0 interrupted iterations
warmup    ✓ [ 100% ] 20 VUs       20s
main_test   [  16% ] 117/150 VUs  0m47.0s/5m00.0s

running (1m08.0s), 119/150 VUs, 116 complete and 0 interrupted iterations
warmup    ✓ [ 100% ] 20 VUs       20s
main_test   [  16% ] 119/150 VUs  0m48.0s/5m00.0s

running (1m09.0s), 122/150 VUs, 116 complete and 0 interrupted iterations
warmup    ✓ [ 100% ] 20 VUs       20s
main_test   [  16% ] 122/150 VUs  0m49.0s/5m00.0s

running (1m10.0s), 124/150 VUs, 116 complete and 0 interrupted iterations
warmup    ✓ [ 100% ] 20 VUs       20s
main_test   [  17% ] 124/150 VUs  0m50.0s/5m00.0s

running (1m11.0s), 127/150 VUs, 116 complete and 0 interrupted iterations
warmup    ✓ [ 100% ] 20 VUs       20s
main_test   [  17% ] 127/150 VUs  0m51.0s/5m00.0s

running (1m12.0s), 129/150 VUs, 116 complete and 0 interrupted iterations
warmup    ✓ [ 100% ] 20 VUs       20s
main_test   [  17% ] 129/150 VUs  0m52.0s/5m00.0s

running (1m13.0s), 132/150 VUs, 116 complete and 0 interrupted iterations
warmup    ✓ [ 100% ] 20 VUs       20s
main_test   [  18% ] 132/150 VUs  0m53.0s/5m00.0s

running (1m14.0s), 134/150 VUs, 116 complete and 0 interrupted iterations
warmup    ✓ [ 100% ] 20 VUs       20s
main_test   [  18% ] 134/150 VUs  0m54.0s/5m00.0s

running (1m15.0s), 137/150 VUs, 116 complete and 0 interrupted iterations
warmup    ✓ [ 100% ] 20 VUs       20s
main_test   [  18% ] 137/150 VUs  0m55.0s/5m00.0s

running (1m16.0s), 139/150 VUs, 116 complete and 0 interrupted iterations
warmup    ✓ [ 100% ] 20 VUs       20s
main_test   [  19% ] 139/150 VUs  0m56.0s/5m00.0s

running (1m17.0s), 142/150 VUs, 116 complete and 0 interrupted iterations
warmup    ✓ [ 100% ] 20 VUs       20s
main_test   [  19% ] 142/150 VUs  0m57.0s/5m00.0s

running (1m18.0s), 144/150 VUs, 116 complete and 0 interrupted iterations
warmup    ✓ [ 100% ] 20 VUs       20s
main_test   [  19% ] 144/150 VUs  0m58.0s/5m00.0s

running (1m19.0s), 147/150 VUs, 116 complete and 0 interrupted iterations
warmup    ✓ [ 100% ] 20 VUs       20s
main_test   [  20% ] 147/150 VUs  0m59.0s/5m00.0s

running (1m20.0s), 149/150 VUs, 116 complete and 0 interrupted iterations
warmup    ✓ [ 100% ] 20 VUs       20s
main_test   [  20% ] 149/150 VUs  1m00.0s/5m00.0s

running (1m21.0s), 150/150 VUs, 116 complete and 0 interrupted iterations
warmup    ✓ [ 100% ] 20 VUs       20s
main_test   [  20% ] 150/150 VUs  1m01.0s/5m00.0s

running (1m22.0s), 150/150 VUs, 116 complete and 0 interrupted iterations
warmup    ✓ [ 100% ] 20 VUs       20s
main_test   [  21% ] 150/150 VUs  1m02.0s/5m00.0s

running (1m23.0s), 150/150 VUs, 116 complete and 0 interrupted iterations
warmup    ✓ [ 100% ] 20 VUs       20s
main_test   [  21% ] 150/150 VUs  1m03.0s/5m00.0s

running (1m24.0s), 150/150 VUs, 116 complete and 0 interrupted iterations
warmup    ✓ [ 100% ] 20 VUs       20s
main_test   [  21% ] 150/150 VUs  1m04.0s/5m00.0s

running (1m25.0s), 150/150 VUs, 116 complete and 0 interrupted iterations
warmup    ✓ [ 100% ] 20 VUs       20s
main_test   [  22% ] 150/150 VUs  1m05.0s/5m00.0s

running (1m26.0s), 150/150 VUs, 116 complete and 0 interrupted iterations
warmup    ✓ [ 100% ] 20 VUs       20s
main_test   [  22% ] 150/150 VUs  1m06.0s/5m00.0s

running (1m27.0s), 150/150 VUs, 116 complete and 0 interrupted iterations
warmup    ✓ [ 100% ] 20 VUs       20s
main_test   [  22% ] 150/150 VUs  1m07.0s/5m00.0s

running (1m28.0s), 150/150 VUs, 116 complete and 0 interrupted iterations
warmup    ✓ [ 100% ] 20 VUs       20s
main_test   [  23% ] 150/150 VUs  1m08.0s/5m00.0s

running (1m29.0s), 150/150 VUs, 116 complete and 0 interrupted iterations
warmup    ✓ [ 100% ] 20 VUs       20s
main_test   [  23% ] 150/150 VUs  1m09.0s/5m00.0s

running (1m30.0s), 150/150 VUs, 116 complete and 0 interrupted iterations
warmup    ✓ [ 100% ] 20 VUs       20s
main_test   [  23% ] 150/150 VUs  1m10.0s/5m00.0s

running (1m31.0s), 150/150 VUs, 116 complete and 0 interrupted iterations
warmup    ✓ [ 100% ] 20 VUs       20s
main_test   [  24% ] 150/150 VUs  1m11.0s/5m00.0s

running (1m32.0s), 150/150 VUs, 116 complete and 0 interrupted iterations
warmup    ✓ [ 100% ] 20 VUs       20s
main_test   [  24% ] 150/150 VUs  1m12.0s/5m00.0s

running (1m33.0s), 150/150 VUs, 116 complete and 0 interrupted iterations
warmup    ✓ [ 100% ] 20 VUs       20s
main_test   [  24% ] 150/150 VUs  1m13.0s/5m00.0s

running (1m34.0s), 150/150 VUs, 116 complete and 0 interrupted iterations
warmup    ✓ [ 100% ] 20 VUs       20s
main_test   [  25% ] 150/150 VUs  1m14.0s/5m00.0s

running (1m35.0s), 150/150 VUs, 116 complete and 0 interrupted iterations
warmup    ✓ [ 100% ] 20 VUs       20s
main_test   [  25% ] 150/150 VUs  1m15.0s/5m00.0s

running (1m36.0s), 150/150 VUs, 116 complete and 0 interrupted iterations
warmup    ✓ [ 100% ] 20 VUs       20s
main_test   [  25% ] 150/150 VUs  1m16.0s/5m00.0s

running (1m37.0s), 150/150 VUs, 116 complete and 0 interrupted iterations
warmup    ✓ [ 100% ] 20 VUs       20s
main_test   [  26% ] 150/150 VUs  1m17.0s/5m00.0s

running (1m38.0s), 150/150 VUs, 116 complete and 0 interrupted iterations
warmup    ✓ [ 100% ] 20 VUs       20s
main_test   [  26% ] 150/150 VUs  1m18.0s/5m00.0s

running (1m39.0s), 150/150 VUs, 116 complete and 0 interrupted iterations
warmup    ✓ [ 100% ] 20 VUs       20s
main_test   [  26% ] 150/150 VUs  1m19.0s/5m00.0s

running (1m40.0s), 150/150 VUs, 116 complete and 0 interrupted iterations
warmup    ✓ [ 100% ] 20 VUs       20s
main_test   [  27% ] 150/150 VUs  1m20.0s/5m00.0s

running (1m41.0s), 150/150 VUs, 116 complete and 0 interrupted iterations
warmup    ✓ [ 100% ] 20 VUs       20s
main_test   [  27% ] 150/150 VUs  1m21.0s/5m00.0s

running (1m42.0s), 150/150 VUs, 116 complete and 0 interrupted iterations
warmup    ✓ [ 100% ] 20 VUs       20s
main_test   [  27% ] 150/150 VUs  1m22.0s/5m00.0s

running (1m43.0s), 150/150 VUs, 116 complete and 0 interrupted iterations
warmup    ✓ [ 100% ] 20 VUs       20s
main_test   [  28% ] 150/150 VUs  1m23.0s/5m00.0s

running (1m44.0s), 150/150 VUs, 116 complete and 0 interrupted iterations
warmup    ✓ [ 100% ] 20 VUs       20s
main_test   [  28% ] 150/150 VUs  1m24.0s/5m00.0s

running (1m45.0s), 150/150 VUs, 116 complete and 0 interrupted iterations
warmup    ✓ [ 100% ] 20 VUs       20s
main_test   [  28% ] 150/150 VUs  1m25.0s/5m00.0s

running (1m46.0s), 150/150 VUs, 116 complete and 0 interrupted iterations
warmup    ✓ [ 100% ] 20 VUs       20s
main_test   [  29% ] 150/150 VUs  1m26.0s/5m00.0s

running (1m47.0s), 150/150 VUs, 116 complete and 0 interrupted iterations
warmup    ✓ [ 100% ] 20 VUs       20s
main_test   [  29% ] 150/150 VUs  1m27.0s/5m00.0s

running (1m48.0s), 150/150 VUs, 116 complete and 0 interrupted iterations
warmup    ✓ [ 100% ] 20 VUs       20s
main_test   [  29% ] 150/150 VUs  1m28.0s/5m00.0s

running (1m49.0s), 150/150 VUs, 116 complete and 0 interrupted iterations
warmup    ✓ [ 100% ] 20 VUs       20s
main_test   [  30% ] 150/150 VUs  1m29.0s/5m00.0s

running (1m50.0s), 150/150 VUs, 116 complete and 0 interrupted iterations
warmup    ✓ [ 100% ] 20 VUs       20s
main_test   [  30% ] 150/150 VUs  1m30.0s/5m00.0s

running (1m51.0s), 150/150 VUs, 116 complete and 0 interrupted iterations
warmup    ✓ [ 100% ] 20 VUs       20s
main_test   [  30% ] 150/150 VUs  1m31.0s/5m00.0s

running (1m52.0s), 150/150 VUs, 116 complete and 0 interrupted iterations
warmup    ✓ [ 100% ] 20 VUs       20s
main_test   [  31% ] 150/150 VUs  1m32.0s/5m00.0s

running (1m53.0s), 150/150 VUs, 116 complete and 0 interrupted iterations
warmup    ✓ [ 100% ] 20 VUs       20s
main_test   [  31% ] 150/150 VUs  1m33.0s/5m00.0s

running (1m54.0s), 150/150 VUs, 116 complete and 0 interrupted iterations
warmup    ✓ [ 100% ] 20 VUs       20s
main_test   [  31% ] 150/150 VUs  1m34.0s/5m00.0s

running (1m55.0s), 150/150 VUs, 116 complete and 0 interrupted iterations
warmup    ✓ [ 100% ] 20 VUs       20s
main_test   [  32% ] 150/150 VUs  1m35.0s/5m00.0s

running (1m56.0s), 150/150 VUs, 116 complete and 0 interrupted iterations
warmup    ✓ [ 100% ] 20 VUs       20s
main_test   [  32% ] 150/150 VUs  1m36.0s/5m00.0s

running (1m57.0s), 150/150 VUs, 116 complete and 0 interrupted iterations
warmup    ✓ [ 100% ] 20 VUs       20s
main_test   [  32% ] 150/150 VUs  1m37.0s/5m00.0s

running (1m58.0s), 150/150 VUs, 116 complete and 0 interrupted iterations
warmup    ✓ [ 100% ] 20 VUs       20s
main_test   [  33% ] 150/150 VUs  1m38.0s/5m00.0s

running (1m59.0s), 150/150 VUs, 116 complete and 0 interrupted iterations
warmup    ✓ [ 100% ] 20 VUs       20s
main_test   [  33% ] 150/150 VUs  1m39.0s/5m00.0s

running (2m00.0s), 150/150 VUs, 116 complete and 0 interrupted iterations
warmup    ✓ [ 100% ] 20 VUs       20s
main_test   [  33% ] 150/150 VUs  1m40.0s/5m00.0s

running (2m01.0s), 150/150 VUs, 116 complete and 0 interrupted iterations
warmup    ✓ [ 100% ] 20 VUs       20s
main_test   [  34% ] 150/150 VUs  1m41.0s/5m00.0s

running (2m02.0s), 150/150 VUs, 116 complete and 0 interrupted iterations
warmup    ✓ [ 100% ] 20 VUs       20s
main_test   [  34% ] 150/150 VUs  1m42.0s/5m00.0s

running (2m03.0s), 150/150 VUs, 116 complete and 0 interrupted iterations
warmup    ✓ [ 100% ] 20 VUs       20s
main_test   [  34% ] 150/150 VUs  1m43.0s/5m00.0s

running (2m04.0s), 150/150 VUs, 116 complete and 0 interrupted iterations
warmup    ✓ [ 100% ] 20 VUs       20s
main_test   [  35% ] 150/150 VUs  1m44.0s/5m00.0s

running (2m05.0s), 150/150 VUs, 116 complete and 0 interrupted iterations
warmup    ✓ [ 100% ] 20 VUs       20s
main_test   [  35% ] 150/150 VUs  1m45.0s/5m00.0s

running (2m06.0s), 150/150 VUs, 116 complete and 0 interrupted iterations
warmup    ✓ [ 100% ] 20 VUs       20s
main_test   [  35% ] 150/150 VUs  1m46.0s/5m00.0s

running (2m07.0s), 150/150 VUs, 116 complete and 0 interrupted iterations
warmup    ✓ [ 100% ] 20 VUs       20s
main_test   [  36% ] 150/150 VUs  1m47.0s/5m00.0s

running (2m08.0s), 150/150 VUs, 116 complete and 0 interrupted iterations
warmup    ✓ [ 100% ] 20 VUs       20s
main_test   [  36% ] 150/150 VUs  1m48.0s/5m00.0s

running (2m09.0s), 150/150 VUs, 116 complete and 0 interrupted iterations
warmup    ✓ [ 100% ] 20 VUs       20s
main_test   [  36% ] 150/150 VUs  1m49.0s/5m00.0s

running (2m10.0s), 150/150 VUs, 116 complete and 0 interrupted iterations
warmup    ✓ [ 100% ] 20 VUs       20s
main_test   [  37% ] 150/150 VUs  1m50.0s/5m00.0s

running (2m11.0s), 150/150 VUs, 116 complete and 0 interrupted iterations
warmup    ✓ [ 100% ] 20 VUs       20s
main_test   [  37% ] 150/150 VUs  1m51.0s/5m00.0s

running (2m12.0s), 150/150 VUs, 116 complete and 0 interrupted iterations
warmup    ✓ [ 100% ] 20 VUs       20s
main_test   [  37% ] 150/150 VUs  1m52.0s/5m00.0s

running (2m13.0s), 150/150 VUs, 116 complete and 0 interrupted iterations
warmup    ✓ [ 100% ] 20 VUs       20s
main_test   [  38% ] 150/150 VUs  1m53.0s/5m00.0s

running (2m14.0s), 150/150 VUs, 116 complete and 0 interrupted iterations
warmup    ✓ [ 100% ] 20 VUs       20s
main_test   [  38% ] 150/150 VUs  1m54.0s/5m00.0s

running (2m15.0s), 150/150 VUs, 116 complete and 0 interrupted iterations
warmup    ✓ [ 100% ] 20 VUs       20s
main_test   [  38% ] 150/150 VUs  1m55.0s/5m00.0s

running (2m16.0s), 150/150 VUs, 116 complete and 0 interrupted iterations
warmup    ✓ [ 100% ] 20 VUs       20s
main_test   [  39% ] 150/150 VUs  1m56.0s/5m00.0s

running (2m17.0s), 150/150 VUs, 116 complete and 0 interrupted iterations
warmup    ✓ [ 100% ] 20 VUs       20s
main_test   [  39% ] 150/150 VUs  1m57.0s/5m00.0s

running (2m18.0s), 150/150 VUs, 116 complete and 0 interrupted iterations
warmup    ✓ [ 100% ] 20 VUs       20s
main_test   [  39% ] 150/150 VUs  1m58.0s/5m00.0s

running (2m19.0s), 150/150 VUs, 116 complete and 0 interrupted iterations
warmup    ✓ [ 100% ] 20 VUs       20s
main_test   [  40% ] 150/150 VUs  1m59.0s/5m00.0s

running (2m20.0s), 150/150 VUs, 116 complete and 0 interrupted iterations
warmup    ✓ [ 100% ] 20 VUs       20s
main_test   [  40% ] 150/150 VUs  2m00.0s/5m00.0s

running (2m21.0s), 150/150 VUs, 116 complete and 0 interrupted iterations
warmup    ✓ [ 100% ] 20 VUs       20s
main_test   [  40% ] 150/150 VUs  2m01.0s/5m00.0s

running (2m22.0s), 150/150 VUs, 116 complete and 0 interrupted iterations
warmup    ✓ [ 100% ] 20 VUs       20s
main_test   [  41% ] 150/150 VUs  2m02.0s/5m00.0s

running (2m23.0s), 150/150 VUs, 116 complete and 0 interrupted iterations
warmup    ✓ [ 100% ] 20 VUs       20s
main_test   [  41% ] 150/150 VUs  2m03.0s/5m00.0s

running (2m24.0s), 150/150 VUs, 116 complete and 0 interrupted iterations
warmup    ✓ [ 100% ] 20 VUs       20s
main_test   [  41% ] 150/150 VUs  2m04.0s/5m00.0s

running (2m25.0s), 150/150 VUs, 116 complete and 0 interrupted iterations
warmup    ✓ [ 100% ] 20 VUs       20s
main_test   [  42% ] 150/150 VUs  2m05.0s/5m00.0s

running (2m26.0s), 150/150 VUs, 116 complete and 0 interrupted iterations
warmup    ✓ [ 100% ] 20 VUs       20s
main_test   [  42% ] 150/150 VUs  2m06.0s/5m00.0s

running (2m27.0s), 150/150 VUs, 116 complete and 0 interrupted iterations
warmup    ✓ [ 100% ] 20 VUs       20s
main_test   [  42% ] 150/150 VUs  2m07.0s/5m00.0s

running (2m28.0s), 150/150 VUs, 116 complete and 0 interrupted iterations
warmup    ✓ [ 100% ] 20 VUs       20s
main_test   [  43% ] 150/150 VUs  2m08.0s/5m00.0s

running (2m29.0s), 150/150 VUs, 116 complete and 0 interrupted iterations
warmup    ✓ [ 100% ] 20 VUs       20s
main_test   [  43% ] 150/150 VUs  2m09.0s/5m00.0s

running (2m30.0s), 150/150 VUs, 116 complete and 0 interrupted iterations
warmup    ✓ [ 100% ] 20 VUs       20s
main_test   [  43% ] 150/150 VUs  2m10.0s/5m00.0s

running (2m31.0s), 150/150 VUs, 116 complete and 0 interrupted iterations
warmup    ✓ [ 100% ] 20 VUs       20s
main_test   [  44% ] 150/150 VUs  2m11.0s/5m00.0s

running (2m32.0s), 150/150 VUs, 116 complete and 0 interrupted iterations
warmup    ✓ [ 100% ] 20 VUs       20s
main_test   [  44% ] 150/150 VUs  2m12.0s/5m00.0s

running (2m33.0s), 150/150 VUs, 116 complete and 0 interrupted iterations
warmup    ✓ [ 100% ] 20 VUs       20s
main_test   [  44% ] 150/150 VUs  2m13.0s/5m00.0s

running (2m34.0s), 150/150 VUs, 116 complete and 0 interrupted iterations
warmup    ✓ [ 100% ] 20 VUs       20s
main_test   [  45% ] 150/150 VUs  2m14.0s/5m00.0s

running (2m35.0s), 150/150 VUs, 116 complete and 0 interrupted iterations
warmup    ✓ [ 100% ] 20 VUs       20s
main_test   [  45% ] 150/150 VUs  2m15.0s/5m00.0s

running (2m36.0s), 150/150 VUs, 116 complete and 0 interrupted iterations
warmup    ✓ [ 100% ] 20 VUs       20s
main_test   [  45% ] 150/150 VUs  2m16.0s/5m00.0s

running (2m37.0s), 150/150 VUs, 118 complete and 0 interrupted iterations
warmup    ✓ [ 100% ] 20 VUs       20s
main_test   [  46% ] 150/150 VUs  2m17.0s/5m00.0s

running (2m38.0s), 150/150 VUs, 120 complete and 0 interrupted iterations
warmup    ✓ [ 100% ] 20 VUs       20s
main_test   [  46% ] 150/150 VUs  2m18.0s/5m00.0s

running (2m39.0s), 150/150 VUs, 123 complete and 0 interrupted iterations
warmup    ✓ [ 100% ] 20 VUs       20s
main_test   [  46% ] 150/150 VUs  2m19.0s/5m00.0s

running (2m40.0s), 150/150 VUs, 125 complete and 0 interrupted iterations
warmup    ✓ [ 100% ] 20 VUs       20s
main_test   [  47% ] 150/150 VUs  2m20.0s/5m00.0s

running (2m41.0s), 150/150 VUs, 127 complete and 0 interrupted iterations
warmup    ✓ [ 100% ] 20 VUs       20s
main_test   [  47% ] 150/150 VUs  2m21.0s/5m00.0s

running (2m42.0s), 150/150 VUs, 130 complete and 0 interrupted iterations
warmup    ✓ [ 100% ] 20 VUs       20s
main_test   [  47% ] 150/150 VUs  2m22.0s/5m00.0s

running (2m43.0s), 150/150 VUs, 133 complete and 0 interrupted iterations
warmup    ✓ [ 100% ] 20 VUs       20s
main_test   [  48% ] 150/150 VUs  2m23.0s/5m00.0s

running (2m44.0s), 150/150 VUs, 135 complete and 0 interrupted iterations
warmup    ✓ [ 100% ] 20 VUs       20s
main_test   [  48% ] 150/150 VUs  2m24.0s/5m00.0s

running (2m45.0s), 150/150 VUs, 138 complete and 0 interrupted iterations
warmup    ✓ [ 100% ] 20 VUs       20s
main_test   [  48% ] 150/150 VUs  2m25.0s/5m00.0s

running (2m46.0s), 150/150 VUs, 140 complete and 0 interrupted iterations
warmup    ✓ [ 100% ] 20 VUs       20s
main_test   [  49% ] 150/150 VUs  2m26.0s/5m00.0s

running (2m47.0s), 150/150 VUs, 143 complete and 0 interrupted iterations
warmup    ✓ [ 100% ] 20 VUs       20s
main_test   [  49% ] 150/150 VUs  2m27.0s/5m00.0s

running (2m48.0s), 150/150 VUs, 145 complete and 0 interrupted iterations
warmup    ✓ [ 100% ] 20 VUs       20s
main_test   [  49% ] 150/150 VUs  2m28.0s/5m00.0s

running (2m49.0s), 150/150 VUs, 147 complete and 0 interrupted iterations
warmup    ✓ [ 100% ] 20 VUs       20s
main_test   [  50% ] 150/150 VUs  2m29.0s/5m00.0s

running (2m50.0s), 150/150 VUs, 150 complete and 0 interrupted iterations
warmup    ✓ [ 100% ] 20 VUs       20s
main_test   [  50% ] 150/150 VUs  2m30.0s/5m00.0s

running (2m51.0s), 150/150 VUs, 152 complete and 0 interrupted iterations
warmup    ✓ [ 100% ] 20 VUs       20s
main_test   [  50% ] 150/150 VUs  2m31.0s/5m00.0s

running (2m52.0s), 150/150 VUs, 155 complete and 0 interrupted iterations
warmup    ✓ [ 100% ] 20 VUs       20s
main_test   [  51% ] 150/150 VUs  2m32.0s/5m00.0s

running (2m53.0s), 150/150 VUs, 157 complete and 0 interrupted iterations
warmup    ✓ [ 100% ] 20 VUs       20s
main_test   [  51% ] 150/150 VUs  2m33.0s/5m00.0s

running (2m54.0s), 150/150 VUs, 160 complete and 0 interrupted iterations
warmup    ✓ [ 100% ] 20 VUs       20s
main_test   [  51% ] 150/150 VUs  2m34.0s/5m00.0s

running (2m55.0s), 150/150 VUs, 163 complete and 0 interrupted iterations
warmup    ✓ [ 100% ] 20 VUs       20s
main_test   [  52% ] 150/150 VUs  2m35.0s/5m00.0s

running (2m56.0s), 150/150 VUs, 165 complete and 0 interrupted iterations
warmup    ✓ [ 100% ] 20 VUs       20s
main_test   [  52% ] 150/150 VUs  2m36.0s/5m00.0s

running (2m57.0s), 150/150 VUs, 167 complete and 0 interrupted iterations
warmup    ✓ [ 100% ] 20 VUs       20s
main_test   [  52% ] 150/150 VUs  2m37.0s/5m00.0s

running (2m58.0s), 150/150 VUs, 170 complete and 0 interrupted iterations
warmup    ✓ [ 100% ] 20 VUs       20s
main_test   [  53% ] 150/150 VUs  2m38.0s/5m00.0s

running (2m59.0s), 150/150 VUs, 172 complete and 0 interrupted iterations
warmup    ✓ [ 100% ] 20 VUs       20s
main_test   [  53% ] 150/150 VUs  2m39.0s/5m00.0s

running (3m00.0s), 150/150 VUs, 175 complete and 0 interrupted iterations
warmup    ✓ [ 100% ] 20 VUs       20s
main_test   [  53% ] 150/150 VUs  2m40.0s/5m00.0s

running (3m01.0s), 150/150 VUs, 178 complete and 0 interrupted iterations
warmup    ✓ [ 100% ] 20 VUs       20s
main_test   [  54% ] 150/150 VUs  2m41.0s/5m00.0s

running (3m02.0s), 150/150 VUs, 180 complete and 0 interrupted iterations
warmup    ✓ [ 100% ] 20 VUs       20s
main_test   [  54% ] 150/150 VUs  2m42.0s/5m00.0s

running (3m03.0s), 150/150 VUs, 183 complete and 0 interrupted iterations
warmup    ✓ [ 100% ] 20 VUs       20s
main_test   [  54% ] 150/150 VUs  2m43.0s/5m00.0s

running (3m04.0s), 150/150 VUs, 185 complete and 0 interrupted iterations
warmup    ✓ [ 100% ] 20 VUs       20s
main_test   [  55% ] 150/150 VUs  2m44.0s/5m00.0s

running (3m05.0s), 150/150 VUs, 187 complete and 0 interrupted iterations
warmup    ✓ [ 100% ] 20 VUs       20s
main_test   [  55% ] 150/150 VUs  2m45.0s/5m00.0s

running (3m06.0s), 150/150 VUs, 190 complete and 0 interrupted iterations
warmup    ✓ [ 100% ] 20 VUs       20s
main_test   [  55% ] 150/150 VUs  2m46.0s/5m00.0s

running (3m07.0s), 150/150 VUs, 191 complete and 0 interrupted iterations
warmup    ✓ [ 100% ] 20 VUs       20s
main_test   [  56% ] 150/150 VUs  2m47.0s/5m00.0s

running (3m08.0s), 150/150 VUs, 195 complete and 0 interrupted iterations
warmup    ✓ [ 100% ] 20 VUs       20s
main_test   [  56% ] 150/150 VUs  2m48.0s/5m00.0s

running (3m09.0s), 150/150 VUs, 196 complete and 0 interrupted iterations
warmup    ✓ [ 100% ] 20 VUs       20s
main_test   [  56% ] 150/150 VUs  2m49.0s/5m00.0s

running (3m10.0s), 150/150 VUs, 200 complete and 0 interrupted iterations
warmup    ✓ [ 100% ] 20 VUs       20s
main_test   [  57% ] 150/150 VUs  2m50.0s/5m00.0s

running (3m11.0s), 150/150 VUs, 201 complete and 0 interrupted iterations
warmup    ✓ [ 100% ] 20 VUs       20s
main_test   [  57% ] 150/150 VUs  2m51.0s/5m00.0s

running (3m12.0s), 150/150 VUs, 205 complete and 0 interrupted iterations
warmup    ✓ [ 100% ] 20 VUs       20s
main_test   [  57% ] 150/150 VUs  2m52.0s/5m00.0s

running (3m13.0s), 150/150 VUs, 206 complete and 0 interrupted iterations
warmup    ✓ [ 100% ] 20 VUs       20s
main_test   [  58% ] 150/150 VUs  2m53.0s/5m00.0s

running (3m14.0s), 150/150 VUs, 210 complete and 0 interrupted iterations
warmup    ✓ [ 100% ] 20 VUs       20s
main_test   [  58% ] 150/150 VUs  2m54.0s/5m00.0s

running (3m15.0s), 150/150 VUs, 213 complete and 0 interrupted iterations
warmup    ✓ [ 100% ] 20 VUs       20s
main_test   [  58% ] 150/150 VUs  2m55.0s/5m00.0s

running (3m16.0s), 150/150 VUs, 215 complete and 0 interrupted iterations
warmup    ✓ [ 100% ] 20 VUs       20s
main_test   [  59% ] 150/150 VUs  2m56.0s/5m00.0s

running (3m17.0s), 150/150 VUs, 218 complete and 0 interrupted iterations
warmup    ✓ [ 100% ] 20 VUs       20s
main_test   [  59% ] 150/150 VUs  2m57.0s/5m00.0s

running (3m18.0s), 150/150 VUs, 220 complete and 0 interrupted iterations
warmup    ✓ [ 100% ] 20 VUs       20s
main_test   [  59% ] 150/150 VUs  2m58.0s/5m00.0s

running (3m19.0s), 150/150 VUs, 223 complete and 0 interrupted iterations
warmup    ✓ [ 100% ] 20 VUs       20s
main_test   [  60% ] 150/150 VUs  2m59.0s/5m00.0s

running (3m20.0s), 150/150 VUs, 225 complete and 0 interrupted iterations
warmup    ✓ [ 100% ] 20 VUs       20s
main_test   [  60% ] 150/150 VUs  3m00.0s/5m00.0s

running (3m21.0s), 150/150 VUs, 228 complete and 0 interrupted iterations
warmup    ✓ [ 100% ] 20 VUs       20s
main_test   [  60% ] 150/150 VUs  3m01.0s/5m00.0s

running (3m22.0s), 150/150 VUs, 230 complete and 0 interrupted iterations
warmup    ✓ [ 100% ] 20 VUs       20s
main_test   [  61% ] 150/150 VUs  3m02.0s/5m00.0s

running (3m23.0s), 150/150 VUs, 233 complete and 0 interrupted iterations
warmup    ✓ [ 100% ] 20 VUs       20s
main_test   [  61% ] 150/150 VUs  3m03.0s/5m00.0s

running (3m24.0s), 150/150 VUs, 235 complete and 0 interrupted iterations
warmup    ✓ [ 100% ] 20 VUs       20s
main_test   [  61% ] 150/150 VUs  3m04.0s/5m00.0s

running (3m25.0s), 150/150 VUs, 238 complete and 0 interrupted iterations
warmup    ✓ [ 100% ] 20 VUs       20s
main_test   [  62% ] 150/150 VUs  3m05.0s/5m00.0s

running (3m26.0s), 150/150 VUs, 240 complete and 0 interrupted iterations
warmup    ✓ [ 100% ] 20 VUs       20s
main_test   [  62% ] 150/150 VUs  3m06.0s/5m00.0s

running (3m27.0s), 150/150 VUs, 242 complete and 0 interrupted iterations
warmup    ✓ [ 100% ] 20 VUs       20s
main_test   [  62% ] 150/150 VUs  3m07.0s/5m00.0s

running (3m28.0s), 150/150 VUs, 245 complete and 0 interrupted iterations
warmup    ✓ [ 100% ] 20 VUs       20s
main_test   [  63% ] 150/150 VUs  3m08.0s/5m00.0s

running (3m29.0s), 150/150 VUs, 247 complete and 0 interrupted iterations
warmup    ✓ [ 100% ] 20 VUs       20s
main_test   [  63% ] 150/150 VUs  3m09.0s/5m00.0s

running (3m30.0s), 150/150 VUs, 250 complete and 0 interrupted iterations
warmup    ✓ [ 100% ] 20 VUs       20s
main_test   [  63% ] 150/150 VUs  3m10.0s/5m00.0s

running (3m31.0s), 150/150 VUs, 253 complete and 0 interrupted iterations
warmup    ✓ [ 100% ] 20 VUs       20s
main_test   [  64% ] 150/150 VUs  3m11.0s/5m00.0s

running (3m32.0s), 150/150 VUs, 255 complete and 0 interrupted iterations
warmup    ✓ [ 100% ] 20 VUs       20s
main_test   [  64% ] 150/150 VUs  3m12.0s/5m00.0s

running (3m33.0s), 150/150 VUs, 257 complete and 0 interrupted iterations
warmup    ✓ [ 100% ] 20 VUs       20s
main_test   [  64% ] 150/150 VUs  3m13.0s/5m00.0s

running (3m34.0s), 150/150 VUs, 260 complete and 0 interrupted iterations
warmup    ✓ [ 100% ] 20 VUs       20s
main_test   [  65% ] 150/150 VUs  3m14.0s/5m00.0s

running (3m35.0s), 150/150 VUs, 263 complete and 0 interrupted iterations
warmup    ✓ [ 100% ] 20 VUs       20s
main_test   [  65% ] 150/150 VUs  3m15.0s/5m00.0s

running (3m36.0s), 150/150 VUs, 265 complete and 0 interrupted iterations
warmup    ✓ [ 100% ] 20 VUs       20s
main_test   [  65% ] 150/150 VUs  3m16.0s/5m00.0s

running (3m37.0s), 150/150 VUs, 266 complete and 0 interrupted iterations
warmup    ✓ [ 100% ] 20 VUs       20s
main_test   [  66% ] 150/150 VUs  3m17.0s/5m00.0s

running (3m38.0s), 150/150 VUs, 266 complete and 0 interrupted iterations
warmup    ✓ [ 100% ] 20 VUs       20s
main_test   [  66% ] 150/150 VUs  3m18.0s/5m00.0s

running (3m39.0s), 150/150 VUs, 266 complete and 0 interrupted iterations
warmup    ✓ [ 100% ] 20 VUs       20s
main_test   [  66% ] 150/150 VUs  3m19.0s/5m00.0s

running (3m40.0s), 150/150 VUs, 266 complete and 0 interrupted iterations
warmup    ✓ [ 100% ] 20 VUs       20s
main_test   [  67% ] 150/150 VUs  3m20.0s/5m00.0s

running (3m41.0s), 150/150 VUs, 266 complete and 0 interrupted iterations
warmup    ✓ [ 100% ] 20 VUs       20s
main_test   [  67% ] 150/150 VUs  3m21.0s/5m00.0s

running (3m42.0s), 150/150 VUs, 266 complete and 0 interrupted iterations
warmup    ✓ [ 100% ] 20 VUs       20s
main_test   [  67% ] 150/150 VUs  3m22.0s/5m00.0s

running (3m43.0s), 150/150 VUs, 266 complete and 0 interrupted iterations
warmup    ✓ [ 100% ] 20 VUs       20s
main_test   [  68% ] 150/150 VUs  3m23.0s/5m00.0s

running (3m44.0s), 150/150 VUs, 266 complete and 0 interrupted iterations
warmup    ✓ [ 100% ] 20 VUs       20s
main_test   [  68% ] 150/150 VUs  3m24.0s/5m00.0s

running (3m45.0s), 150/150 VUs, 266 complete and 0 interrupted iterations
warmup    ✓ [ 100% ] 20 VUs       20s
main_test   [  68% ] 150/150 VUs  3m25.0s/5m00.0s

running (3m46.0s), 150/150 VUs, 266 complete and 0 interrupted iterations
warmup    ✓ [ 100% ] 20 VUs       20s
main_test   [  69% ] 150/150 VUs  3m26.0s/5m00.0s

running (3m47.0s), 150/150 VUs, 266 complete and 0 interrupted iterations
warmup    ✓ [ 100% ] 20 VUs       20s
main_test   [  69% ] 150/150 VUs  3m27.0s/5m00.0s

running (3m48.0s), 150/150 VUs, 266 complete and 0 interrupted iterations
warmup    ✓ [ 100% ] 20 VUs       20s
main_test   [  69% ] 150/150 VUs  3m28.0s/5m00.0s

running (3m49.0s), 150/150 VUs, 266 complete and 0 interrupted iterations
warmup    ✓ [ 100% ] 20 VUs       20s
main_test   [  70% ] 150/150 VUs  3m29.0s/5m00.0s

running (3m50.0s), 150/150 VUs, 266 complete and 0 interrupted iterations
warmup    ✓ [ 100% ] 20 VUs       20s
main_test   [  70% ] 150/150 VUs  3m30.0s/5m00.0s

running (3m51.0s), 150/150 VUs, 266 complete and 0 interrupted iterations
warmup    ✓ [ 100% ] 20 VUs       20s
main_test   [  70% ] 150/150 VUs  3m31.0s/5m00.0s

running (3m52.0s), 150/150 VUs, 266 complete and 0 interrupted iterations
warmup    ✓ [ 100% ] 20 VUs       20s
main_test   [  71% ] 150/150 VUs  3m32.0s/5m00.0s

running (3m53.0s), 150/150 VUs, 266 complete and 0 interrupted iterations
warmup    ✓ [ 100% ] 20 VUs       20s
main_test   [  71% ] 150/150 VUs  3m33.0s/5m00.0s

running (3m54.0s), 150/150 VUs, 266 complete and 0 interrupted iterations
warmup    ✓ [ 100% ] 20 VUs       20s
main_test   [  71% ] 150/150 VUs  3m34.0s/5m00.0s

running (3m55.0s), 150/150 VUs, 266 complete and 0 interrupted iterations
warmup    ✓ [ 100% ] 20 VUs       20s
main_test   [  72% ] 150/150 VUs  3m35.0s/5m00.0s

running (3m56.0s), 150/150 VUs, 266 complete and 0 interrupted iterations
warmup    ✓ [ 100% ] 20 VUs       20s
main_test   [  72% ] 150/150 VUs  3m36.0s/5m00.0s

running (3m57.0s), 150/150 VUs, 266 complete and 0 interrupted iterations
warmup    ✓ [ 100% ] 20 VUs       20s
main_test   [  72% ] 150/150 VUs  3m37.0s/5m00.0s

running (3m58.0s), 150/150 VUs, 266 complete and 0 interrupted iterations
warmup    ✓ [ 100% ] 20 VUs       20s
main_test   [  73% ] 150/150 VUs  3m38.0s/5m00.0s

running (3m59.0s), 150/150 VUs, 266 complete and 0 interrupted iterations
warmup    ✓ [ 100% ] 20 VUs       20s
main_test   [  73% ] 150/150 VUs  3m39.0s/5m00.0s

running (4m00.0s), 150/150 VUs, 266 complete and 0 interrupted iterations
warmup    ✓ [ 100% ] 20 VUs       20s
main_test   [  73% ] 150/150 VUs  3m40.0s/5m00.0s

running (4m01.0s), 150/150 VUs, 266 complete and 0 interrupted iterations
warmup    ✓ [ 100% ] 20 VUs       20s
main_test   [  74% ] 150/150 VUs  3m41.0s/5m00.0s

running (4m02.0s), 150/150 VUs, 266 complete and 0 interrupted iterations
warmup    ✓ [ 100% ] 20 VUs       20s
main_test   [  74% ] 150/150 VUs  3m42.0s/5m00.0s

running (4m03.0s), 150/150 VUs, 266 complete and 0 interrupted iterations
warmup    ✓ [ 100% ] 20 VUs       20s
main_test   [  74% ] 150/150 VUs  3m43.0s/5m00.0s

running (4m04.0s), 150/150 VUs, 266 complete and 0 interrupted iterations
warmup    ✓ [ 100% ] 20 VUs       20s
main_test   [  75% ] 150/150 VUs  3m44.0s/5m00.0s

running (4m05.0s), 150/150 VUs, 266 complete and 0 interrupted iterations
warmup    ✓ [ 100% ] 20 VUs       20s
main_test   [  75% ] 150/150 VUs  3m45.0s/5m00.0s

running (4m06.0s), 150/150 VUs, 266 complete and 0 interrupted iterations
warmup    ✓ [ 100% ] 20 VUs       20s
main_test   [  75% ] 150/150 VUs  3m46.0s/5m00.0s

running (4m07.0s), 150/150 VUs, 266 complete and 0 interrupted iterations
warmup    ✓ [ 100% ] 20 VUs       20s
main_test   [  76% ] 150/150 VUs  3m47.0s/5m00.0s

running (4m08.0s), 150/150 VUs, 266 complete and 0 interrupted iterations
warmup    ✓ [ 100% ] 20 VUs       20s
main_test   [  76% ] 150/150 VUs  3m48.0s/5m00.0s

running (4m09.0s), 150/150 VUs, 266 complete and 0 interrupted iterations
warmup    ✓ [ 100% ] 20 VUs       20s
main_test   [  76% ] 150/150 VUs  3m49.0s/5m00.0s

running (4m10.0s), 150/150 VUs, 266 complete and 0 interrupted iterations
warmup    ✓ [ 100% ] 20 VUs       20s
main_test   [  77% ] 150/150 VUs  3m50.0s/5m00.0s

running (4m11.0s), 150/150 VUs, 266 complete and 0 interrupted iterations
warmup    ✓ [ 100% ] 20 VUs       20s
main_test   [  77% ] 150/150 VUs  3m51.0s/5m00.0s

running (4m12.0s), 150/150 VUs, 266 complete and 0 interrupted iterations
warmup    ✓ [ 100% ] 20 VUs       20s
main_test   [  77% ] 150/150 VUs  3m52.0s/5m00.0s

running (4m13.0s), 150/150 VUs, 266 complete and 0 interrupted iterations
warmup    ✓ [ 100% ] 20 VUs       20s
main_test   [  78% ] 150/150 VUs  3m53.0s/5m00.0s

running (4m14.0s), 150/150 VUs, 266 complete and 0 interrupted iterations
warmup    ✓ [ 100% ] 20 VUs       20s
main_test   [  78% ] 150/150 VUs  3m54.0s/5m00.0s

running (4m15.0s), 150/150 VUs, 266 complete and 0 interrupted iterations
warmup    ✓ [ 100% ] 20 VUs       20s
main_test   [  78% ] 150/150 VUs  3m55.0s/5m00.0s

running (4m16.0s), 150/150 VUs, 266 complete and 0 interrupted iterations
warmup    ✓ [ 100% ] 20 VUs       20s
main_test   [  79% ] 150/150 VUs  3m56.0s/5m00.0s

running (4m17.0s), 150/150 VUs, 266 complete and 0 interrupted iterations
warmup    ✓ [ 100% ] 20 VUs       20s
main_test   [  79% ] 150/150 VUs  3m57.0s/5m00.0s

running (4m18.0s), 150/150 VUs, 266 complete and 0 interrupted iterations
warmup    ✓ [ 100% ] 20 VUs       20s
main_test   [  79% ] 150/150 VUs  3m58.0s/5m00.0s

running (4m19.0s), 150/150 VUs, 266 complete and 0 interrupted iterations
warmup    ✓ [ 100% ] 20 VUs       20s
main_test   [  80% ] 150/150 VUs  3m59.0s/5m00.0s

running (4m20.0s), 150/150 VUs, 266 complete and 0 interrupted iterations
warmup    ✓ [ 100% ] 20 VUs       20s
main_test   [  80% ] 150/150 VUs  4m00.0s/5m00.0s

running (4m21.0s), 150/150 VUs, 266 complete and 0 interrupted iterations
warmup    ✓ [ 100% ] 20 VUs       20s
main_test   [  80% ] 150/150 VUs  4m01.0s/5m00.0s

running (4m22.0s), 150/150 VUs, 266 complete and 0 interrupted iterations
warmup    ✓ [ 100% ] 20 VUs       20s
main_test   [  81% ] 150/150 VUs  4m02.0s/5m00.0s

running (4m23.0s), 150/150 VUs, 266 complete and 0 interrupted iterations
warmup    ✓ [ 100% ] 20 VUs       20s
main_test   [  81% ] 150/150 VUs  4m03.0s/5m00.0s

running (4m24.0s), 150/150 VUs, 266 complete and 0 interrupted iterations
warmup    ✓ [ 100% ] 20 VUs       20s
main_test   [  81% ] 150/150 VUs  4m04.0s/5m00.0s

running (4m25.0s), 150/150 VUs, 266 complete and 0 interrupted iterations
warmup    ✓ [ 100% ] 20 VUs       20s
main_test   [  82% ] 150/150 VUs  4m05.0s/5m00.0s

running (4m26.0s), 150/150 VUs, 266 complete and 0 interrupted iterations
warmup    ✓ [ 100% ] 20 VUs       20s
main_test   [  82% ] 150/150 VUs  4m06.0s/5m00.0s

running (4m27.0s), 150/150 VUs, 266 complete and 0 interrupted iterations
warmup    ✓ [ 100% ] 20 VUs       20s
main_test   [  82% ] 150/150 VUs  4m07.0s/5m00.0s

running (4m28.0s), 150/150 VUs, 266 complete and 0 interrupted iterations
warmup    ✓ [ 100% ] 20 VUs       20s
main_test   [  83% ] 150/150 VUs  4m08.0s/5m00.0s

running (4m29.0s), 150/150 VUs, 266 complete and 0 interrupted iterations
warmup    ✓ [ 100% ] 20 VUs       20s
main_test   [  83% ] 150/150 VUs  4m09.0s/5m00.0s

running (4m30.0s), 150/150 VUs, 266 complete and 0 interrupted iterations
warmup    ✓ [ 100% ] 20 VUs       20s
main_test   [  83% ] 150/150 VUs  4m10.0s/5m00.0s

running (4m31.0s), 150/150 VUs, 266 complete and 0 interrupted iterations
warmup    ✓ [ 100% ] 20 VUs       20s
main_test   [  84% ] 150/150 VUs  4m11.0s/5m00.0s

running (4m32.0s), 150/150 VUs, 266 complete and 0 interrupted iterations
warmup    ✓ [ 100% ] 20 VUs       20s
main_test   [  84% ] 150/150 VUs  4m12.0s/5m00.0s

running (4m33.0s), 150/150 VUs, 266 complete and 0 interrupted iterations
warmup    ✓ [ 100% ] 20 VUs       20s
main_test   [  84% ] 150/150 VUs  4m13.0s/5m00.0s

running (4m34.0s), 150/150 VUs, 266 complete and 0 interrupted iterations
warmup    ✓ [ 100% ] 20 VUs       20s
main_test   [  85% ] 150/150 VUs  4m14.0s/5m00.0s

running (4m35.0s), 150/150 VUs, 266 complete and 0 interrupted iterations
warmup    ✓ [ 100% ] 20 VUs       20s
main_test   [  85% ] 150/150 VUs  4m15.0s/5m00.0s

running (4m36.0s), 150/150 VUs, 266 complete and 0 interrupted iterations
warmup    ✓ [ 100% ] 20 VUs       20s
main_test   [  85% ] 150/150 VUs  4m16.0s/5m00.0s

running (4m37.0s), 150/150 VUs, 266 complete and 0 interrupted iterations
warmup    ✓ [ 100% ] 20 VUs       20s
main_test   [  86% ] 150/150 VUs  4m17.0s/5m00.0s

running (4m38.0s), 150/150 VUs, 266 complete and 0 interrupted iterations
warmup    ✓ [ 100% ] 20 VUs       20s
main_test   [  86% ] 150/150 VUs  4m18.0s/5m00.0s

running (4m39.0s), 150/150 VUs, 266 complete and 0 interrupted iterations
warmup    ✓ [ 100% ] 20 VUs       20s
main_test   [  86% ] 150/150 VUs  4m19.0s/5m00.0s

running (4m40.0s), 150/150 VUs, 266 complete and 0 interrupted iterations
warmup    ✓ [ 100% ] 20 VUs       20s
main_test   [  87% ] 150/150 VUs  4m20.0s/5m00.0s

running (4m41.0s), 150/150 VUs, 266 complete and 0 interrupted iterations
warmup    ✓ [ 100% ] 20 VUs       20s
main_test   [  87% ] 150/150 VUs  4m21.0s/5m00.0s

running (4m42.0s), 150/150 VUs, 266 complete and 0 interrupted iterations
warmup    ✓ [ 100% ] 20 VUs       20s
main_test   [  87% ] 150/150 VUs  4m22.0s/5m00.0s

running (4m43.0s), 150/150 VUs, 266 complete and 0 interrupted iterations
warmup    ✓ [ 100% ] 20 VUs       20s
main_test   [  88% ] 150/150 VUs  4m23.0s/5m00.0s

running (4m44.0s), 150/150 VUs, 266 complete and 0 interrupted iterations
warmup    ✓ [ 100% ] 20 VUs       20s
main_test   [  88% ] 150/150 VUs  4m24.0s/5m00.0s

running (4m45.0s), 150/150 VUs, 266 complete and 0 interrupted iterations
warmup    ✓ [ 100% ] 20 VUs       20s
main_test   [  88% ] 150/150 VUs  4m25.0s/5m00.0s

running (4m46.0s), 150/150 VUs, 266 complete and 0 interrupted iterations
warmup    ✓ [ 100% ] 20 VUs       20s
main_test   [  89% ] 150/150 VUs  4m26.0s/5m00.0s

running (4m47.0s), 150/150 VUs, 266 complete and 0 interrupted iterations
warmup    ✓ [ 100% ] 20 VUs       20s
main_test   [  89% ] 150/150 VUs  4m27.0s/5m00.0s

running (4m48.0s), 150/150 VUs, 266 complete and 0 interrupted iterations
warmup    ✓ [ 100% ] 20 VUs       20s
main_test   [  89% ] 150/150 VUs  4m28.0s/5m00.0s

running (4m49.0s), 150/150 VUs, 266 complete and 0 interrupted iterations
warmup    ✓ [ 100% ] 20 VUs       20s
main_test   [  90% ] 150/150 VUs  4m29.0s/5m00.0s

running (4m50.0s), 150/150 VUs, 266 complete and 0 interrupted iterations
warmup    ✓ [ 100% ] 20 VUs       20s
main_test   [  90% ] 150/150 VUs  4m30.0s/5m00.0s

running (4m51.0s), 150/150 VUs, 266 complete and 0 interrupted iterations
warmup    ✓ [ 100% ] 20 VUs       20s
main_test   [  90% ] 150/150 VUs  4m31.0s/5m00.0s

running (4m52.0s), 150/150 VUs, 266 complete and 0 interrupted iterations
warmup    ✓ [ 100% ] 20 VUs       20s
main_test   [  91% ] 150/150 VUs  4m32.0s/5m00.0s

running (4m53.0s), 150/150 VUs, 267 complete and 0 interrupted iterations
warmup    ✓ [ 100% ] 20 VUs       20s
main_test   [  91% ] 150/150 VUs  4m33.0s/5m00.0s

running (4m54.0s), 150/150 VUs, 270 complete and 0 interrupted iterations
warmup    ✓ [ 100% ] 20 VUs       20s
main_test   [  91% ] 150/150 VUs  4m34.0s/5m00.0s

running (4m55.0s), 150/150 VUs, 272 complete and 0 interrupted iterations
warmup    ✓ [ 100% ] 20 VUs       20s
main_test   [  92% ] 150/150 VUs  4m35.0s/5m00.0s

running (4m56.0s), 150/150 VUs, 275 complete and 0 interrupted iterations
warmup    ✓ [ 100% ] 20 VUs       20s
main_test   [  92% ] 150/150 VUs  4m36.0s/5m00.0s

running (4m57.0s), 150/150 VUs, 277 complete and 0 interrupted iterations
warmup    ✓ [ 100% ] 20 VUs       20s
main_test   [  92% ] 150/150 VUs  4m37.0s/5m00.0s

running (4m58.0s), 150/150 VUs, 279 complete and 0 interrupted iterations
warmup    ✓ [ 100% ] 20 VUs       20s
main_test   [  93% ] 150/150 VUs  4m38.0s/5m00.0s

running (4m59.0s), 150/150 VUs, 282 complete and 0 interrupted iterations
warmup    ✓ [ 100% ] 20 VUs       20s
main_test   [  93% ] 150/150 VUs  4m39.0s/5m00.0s

running (5m00.0s), 150/150 VUs, 284 complete and 0 interrupted iterations
warmup    ✓ [ 100% ] 20 VUs       20s
main_test   [  93% ] 150/150 VUs  4m40.0s/5m00.0s

running (5m01.0s), 150/150 VUs, 287 complete and 0 interrupted iterations
warmup    ✓ [ 100% ] 20 VUs       20s
main_test   [  94% ] 150/150 VUs  4m41.0s/5m00.0s

running (5m02.0s), 150/150 VUs, 289 complete and 0 interrupted iterations
warmup    ✓ [ 100% ] 20 VUs       20s
main_test   [  94% ] 150/150 VUs  4m42.0s/5m00.0s

running (5m03.0s), 150/150 VUs, 292 complete and 0 interrupted iterations
warmup    ✓ [ 100% ] 20 VUs       20s
main_test   [  94% ] 150/150 VUs  4m43.0s/5m00.0s

running (5m04.0s), 150/150 VUs, 294 complete and 0 interrupted iterations
warmup    ✓ [ 100% ] 20 VUs       20s
main_test   [  95% ] 150/150 VUs  4m44.0s/5m00.0s

running (5m05.0s), 150/150 VUs, 297 complete and 0 interrupted iterations
warmup    ✓ [ 100% ] 20 VUs       20s
main_test   [  95% ] 150/150 VUs  4m45.0s/5m00.0s

running (5m06.0s), 150/150 VUs, 299 complete and 0 interrupted iterations
warmup    ✓ [ 100% ] 20 VUs       20s
main_test   [  95% ] 150/150 VUs  4m46.0s/5m00.0s

running (5m07.0s), 150/150 VUs, 302 complete and 0 interrupted iterations
warmup    ✓ [ 100% ] 20 VUs       20s
main_test   [  96% ] 150/150 VUs  4m47.0s/5m00.0s

running (5m08.0s), 150/150 VUs, 304 complete and 0 interrupted iterations
warmup    ✓ [ 100% ] 20 VUs       20s
main_test   [  96% ] 150/150 VUs  4m48.0s/5m00.0s

running (5m09.0s), 150/150 VUs, 307 complete and 0 interrupted iterations
warmup    ✓ [ 100% ] 20 VUs       20s
main_test   [  96% ] 150/150 VUs  4m49.0s/5m00.0s

running (5m10.0s), 150/150 VUs, 310 complete and 0 interrupted iterations
warmup    ✓ [ 100% ] 20 VUs       20s
main_test   [  97% ] 150/150 VUs  4m50.0s/5m00.0s

running (5m11.0s), 150/150 VUs, 312 complete and 0 interrupted iterations
warmup    ✓ [ 100% ] 20 VUs       20s
main_test   [  97% ] 150/150 VUs  4m51.0s/5m00.0s

running (5m12.0s), 150/150 VUs, 315 complete and 0 interrupted iterations
warmup    ✓ [ 100% ] 20 VUs       20s
main_test   [  97% ] 150/150 VUs  4m52.0s/5m00.0s

running (5m13.0s), 150/150 VUs, 317 complete and 0 interrupted iterations
warmup    ✓ [ 100% ] 20 VUs       20s
main_test   [  98% ] 150/150 VUs  4m53.0s/5m00.0s

running (5m14.0s), 150/150 VUs, 319 complete and 0 interrupted iterations
warmup    ✓ [ 100% ] 20 VUs       20s
main_test   [  98% ] 150/150 VUs  4m54.0s/5m00.0s

running (5m15.0s), 150/150 VUs, 322 complete and 0 interrupted iterations
warmup    ✓ [ 100% ] 20 VUs       20s
main_test   [  98% ] 150/150 VUs  4m55.0s/5m00.0s

running (5m16.0s), 150/150 VUs, 324 complete and 0 interrupted iterations
warmup    ✓ [ 100% ] 20 VUs       20s
main_test   [  99% ] 150/150 VUs  4m56.0s/5m00.0s

running (5m17.0s), 150/150 VUs, 327 complete and 0 interrupted iterations
warmup    ✓ [ 100% ] 20 VUs       20s
main_test   [  99% ] 150/150 VUs  4m57.0s/5m00.0s

running (5m18.0s), 150/150 VUs, 328 complete and 0 interrupted iterations
warmup    ✓ [ 100% ] 20 VUs       20s
main_test   [  99% ] 150/150 VUs  4m58.0s/5m00.0s

running (5m19.0s), 150/150 VUs, 332 complete and 0 interrupted iterations
warmup    ✓ [ 100% ] 20 VUs       20s
main_test   [ 100% ] 150/150 VUs  4m59.0s/5m00.0s

running (5m20.0s), 150/150 VUs, 333 complete and 0 interrupted iterations
warmup    ✓ [ 100% ] 20 VUs       20s
main_test   [ 100% ] 150/150 VUs  5m00.0s/5m00.0s

running (5m21.0s), 148/150 VUs, 335 complete and 0 interrupted iterations
warmup    ✓ [ 100% ] 20 VUs       20s
main_test ↓ [ 100% ] 150/150 VUs  5m0s

running (5m22.0s), 143/150 VUs, 340 complete and 0 interrupted iterations
warmup    ✓ [ 100% ] 20 VUs       20s
main_test ↓ [ 100% ] 150/150 VUs  5m0s

running (5m23.0s), 142/150 VUs, 341 complete and 0 interrupted iterations
warmup    ✓ [ 100% ] 20 VUs       20s
main_test ↓ [ 100% ] 150/150 VUs  5m0s

running (5m24.0s), 138/150 VUs, 345 complete and 0 interrupted iterations
warmup    ✓ [ 100% ] 20 VUs       20s
main_test ↓ [ 100% ] 150/150 VUs  5m0s

running (5m25.0s), 137/150 VUs, 346 complete and 0 interrupted iterations
warmup    ✓ [ 100% ] 20 VUs       20s
main_test ↓ [ 100% ] 150/150 VUs  5m0s

running (5m26.0s), 133/150 VUs, 350 complete and 0 interrupted iterations
warmup    ✓ [ 100% ] 20 VUs       20s
main_test ↓ [ 100% ] 150/150 VUs  5m0s

running (5m27.0s), 132/150 VUs, 351 complete and 0 interrupted iterations
warmup    ✓ [ 100% ] 20 VUs       20s
main_test ↓ [ 100% ] 150/150 VUs  5m0s

running (5m28.0s), 128/150 VUs, 355 complete and 0 interrupted iterations
warmup    ✓ [ 100% ] 20 VUs       20s
main_test ↓ [ 100% ] 150/150 VUs  5m0s

running (5m29.0s), 127/150 VUs, 356 complete and 0 interrupted iterations
warmup    ✓ [ 100% ] 20 VUs       20s
main_test ↓ [ 100% ] 150/150 VUs  5m0s

running (5m30.0s), 123/150 VUs, 360 complete and 0 interrupted iterations
warmup    ✓ [ 100% ] 20 VUs       20s
main_test ↓ [ 100% ] 150/150 VUs  5m0s

running (5m31.0s), 121/150 VUs, 362 complete and 0 interrupted iterations
warmup    ✓ [ 100% ] 20 VUs       20s
main_test ↓ [ 100% ] 150/150 VUs  5m0s

running (5m32.0s), 118/150 VUs, 365 complete and 0 interrupted iterations
warmup    ✓ [ 100% ] 20 VUs       20s
main_test ↓ [ 100% ] 150/150 VUs  5m0s

running (5m33.0s), 116/150 VUs, 367 complete and 0 interrupted iterations
warmup    ✓ [ 100% ] 20 VUs       20s
main_test ↓ [ 100% ] 150/150 VUs  5m0s

running (5m34.0s), 114/150 VUs, 369 complete and 0 interrupted iterations
warmup    ✓ [ 100% ] 20 VUs       20s
main_test ↓ [ 100% ] 150/150 VUs  5m0s

running (5m35.0s), 111/150 VUs, 372 complete and 0 interrupted iterations
warmup    ✓ [ 100% ] 20 VUs       20s
main_test ↓ [ 100% ] 150/150 VUs  5m0s

running (5m36.0s), 109/150 VUs, 374 complete and 0 interrupted iterations
warmup    ✓ [ 100% ] 20 VUs       20s
main_test ↓ [ 100% ] 150/150 VUs  5m0s

running (5m37.0s), 106/150 VUs, 377 complete and 0 interrupted iterations
warmup    ✓ [ 100% ] 20 VUs       20s
main_test ↓ [ 100% ] 150/150 VUs  5m0s

running (5m38.0s), 104/150 VUs, 379 complete and 0 interrupted iterations
warmup    ✓ [ 100% ] 20 VUs       20s
main_test ↓ [ 100% ] 150/150 VUs  5m0s

running (5m39.0s), 101/150 VUs, 382 complete and 0 interrupted iterations
warmup    ✓ [ 100% ] 20 VUs       20s
main_test ↓ [ 100% ] 150/150 VUs  5m0s

running (5m40.0s), 099/150 VUs, 384 complete and 0 interrupted iterations
warmup    ✓ [ 100% ] 20 VUs       20s
main_test ↓ [ 100% ] 150/150 VUs  5m0s

running (5m41.0s), 096/150 VUs, 387 complete and 0 interrupted iterations
warmup    ✓ [ 100% ] 20 VUs       20s
main_test ↓ [ 100% ] 150/150 VUs  5m0s

running (5m42.0s), 093/150 VUs, 390 complete and 0 interrupted iterations
warmup    ✓ [ 100% ] 20 VUs       20s
main_test ↓ [ 100% ] 150/150 VUs  5m0s

running (5m43.0s), 091/150 VUs, 392 complete and 0 interrupted iterations
warmup    ✓ [ 100% ] 20 VUs       20s
main_test ↓ [ 100% ] 150/150 VUs  5m0s

running (5m44.0s), 088/150 VUs, 395 complete and 0 interrupted iterations
warmup    ✓ [ 100% ] 20 VUs       20s
main_test ↓ [ 100% ] 150/150 VUs  5m0s

running (5m45.0s), 086/150 VUs, 397 complete and 0 interrupted iterations
warmup    ✓ [ 100% ] 20 VUs       20s
main_test ↓ [ 100% ] 150/150 VUs  5m0s

running (5m46.0s), 083/150 VUs, 400 complete and 0 interrupted iterations
warmup    ✓ [ 100% ] 20 VUs       20s
main_test ↓ [ 100% ] 150/150 VUs  5m0s

running (5m47.0s), 081/150 VUs, 402 complete and 0 interrupted iterations
warmup    ✓ [ 100% ] 20 VUs       20s
main_test ↓ [ 100% ] 150/150 VUs  5m0s

running (5m48.0s), 078/150 VUs, 405 complete and 0 interrupted iterations
warmup    ✓ [ 100% ] 20 VUs       20s
main_test ↓ [ 100% ] 150/150 VUs  5m0s

running (5m49.0s), 076/150 VUs, 407 complete and 0 interrupted iterations
warmup    ✓ [ 100% ] 20 VUs       20s
main_test ↓ [ 100% ] 150/150 VUs  5m0s

running (5m50.0s), 073/150 VUs, 410 complete and 0 interrupted iterations
warmup    ✓ [ 100% ] 20 VUs       20s
main_test ↓ [ 100% ] 150/150 VUs  5m0s

     ✓ initial visit successful
     ✓ add item 1 successful
     ✓ add item 2 successful
     ✓ view cart successful
     ✓ return to shopping successful
     ✓ JWT renewed with different token
     ✓ add item 3 with new JWT successful
     ✓ checkout successful
     ✓ continue shopping successful

     cart_operations................: 1034    2.954255/s
     checks.........................: 100.00% ✓ 2961      ✗ 0    
     data_received..................: 42 MB   119 kB/s
     data_sent......................: 6.3 MB  18 kB/s
     http_req_blocked...............: avg=17.59µs min=1.4µs   med=3.11µs   max=1.95ms   p(90)=4.8µs    p(95)=6.37µs 
     http_req_connecting............: avg=7.28µs  min=0s      med=0s       max=1.21ms   p(90)=0s       p(95)=0s     
     http_req_duration..............: avg=35.85ms min=2.05ms  med=10.77ms  max=2.56s    p(90)=59.43ms  p(95)=82.33ms
       { expected_response:true }...: avg=35.85ms min=2.05ms  med=10.77ms  max=2.56s    p(90)=59.43ms  p(95)=82.33ms
     ✓ { scenario:main_test }.......: avg=17.22ms min=2.05ms  med=10.56ms  max=711.43ms p(90)=39.11ms  p(95)=68.28ms
     http_req_failed................: 0.00%   ✓ 0         ✗ 4043 
     ✓ { scenario:main_test }.......: 0.00%   ✓ 0         ✗ 3695 
     http_req_receiving.............: avg=1.1ms   min=28.16µs med=343.04µs max=87.61ms  p(90)=953.53µs p(95)=1.4ms  
     http_req_sending...............: avg=25.38µs min=6.91µs  med=21.57µs  max=549.36µs p(90)=35.88µs  p(95)=47.73µs
     http_req_tls_handshaking.......: avg=0s      min=0s      med=0s       max=0s       p(90)=0s       p(95)=0s     
     http_req_waiting...............: avg=34.72ms min=1.97ms  med=10.21ms  max=2.56s    p(90)=53.79ms  p(95)=80.59ms
     http_reqs......................: 4043    11.551308/s
     iteration_duration.............: avg=1m38s   min=3.02s   med=2m16s    max=2m16s    p(90)=2m16s    p(95)=2m16s  
     iterations.....................: 410     1.171416/s
     jwt_renewal_successes..........: 300     0.857134/s
     jwt_renewals...................: 667     1.905694/s
     vus............................: 73      min=7       max=150
     vus_max........................: 150     min=150     max=150


running (5m50.0s), 000/150 VUs, 410 complete and 73 interrupted iterations
warmup    ✓ [ 100% ] 20 VUs       20s
main_test ✓ [ 100% ] 054/150 VUs  5m0s
